###############################################################
#  Generated by:      Cadence Encounter 09.10-p004_1
#  OS:                Linux i686(Host ID esl2-5)
#  Generated on:      Thu Nov 21 10:50:49 2013
#  Command:           report_timing -net -format {instance arc cell slew net...
###############################################################
Path 1: MET Late External Delay Assertion 
Endpoint:   outB[9]     (^) checked with  leading edge of 'CLK'
Beginpoint: addressB[2] (v) triggered by  leading edge of 'CLK'
Other End Arrival Time        0.00000
- External Delay              0.80000
+ Phase Shift                 25.00000
= Required Time               24.20000
- Arrival Time                2.68661
= Slack Time                  21.51340
     Clock Rise Edge                    0.00000
     + Input Delay                      0.80000
     = Beginpoint Arrival Time          0.80000
     +---------------------------------------------------------------------------------------------------------+ 
     | Instance |      Arc      |   Cell    |  Slew   |     Net     |    Arc     |  Load   |  Delay  | Arrival | 
     |          |               |           |         |             | Annotation |         |         |  Time   | 
     |----------+---------------+-----------+---------+-------------+------------+---------+---------+---------| 
     |          | addressB[2] v |           | 1.00000 | addressB[2] |       SPEF | 0.00954 |         | 0.80000 | 
     | U1155    |               | NOR2_X1   | 1.00000 | addressB[2] |       SPEF | 0.00954 | 0.00060 | 0.80060 | 
     | U1155    | A2 v -> ZN ^  | NOR2_X1   | 0.43590 | n872        |            | 0.02143 | 0.96060 | 1.76120 | 
     | U1138    |               | AND2_X1   | 0.43590 | n872        |       SPEF | 0.02143 | 0.00130 | 1.76250 | 
     | U1138    | A2 ^ -> ZN ^  | AND2_X1   | 0.26910 | n596        |            | 0.03194 | 0.45420 | 2.21670 | 
     | U830     |               | AOI22_X1  | 0.26910 | n596        |       SPEF | 0.03194 | 0.00380 | 2.22050 | 
     | U830     | B1 ^ -> ZN v  | AOI22_X1  | 0.08280 | n594        |            | 0.00317 | 0.13160 | 2.35210 | 
     | U829     |               | OAI221_X1 | 0.08280 | n594        |       SPEF | 0.00317 | 0.00020 | 2.35230 | 
     | U829     | A v -> ZN ^   | OAI221_X1 | 0.17300 | n591        |            | 0.00422 | 0.12980 | 2.48210 | 
     | U828     |               | NOR4_X1   | 0.17300 | n591        |       SPEF | 0.00422 | 0.00040 | 2.48250 | 
     | U828     | A4 ^ -> ZN v  | NOR4_X1   | 0.04790 | n562        |            | 0.00350 | 0.08270 | 2.56520 | 
     | U818     |               | NAND2_X1  | 0.04790 | n562        |       SPEF | 0.00350 | 0.00020 | 2.56540 | 
     | U818     | A1 v -> ZN ^  | NAND2_X1  | 0.08710 | outB[9]     |            | 0.00844 | 0.12030 | 2.68571 | 
     |          |               | RegFile   | 0.08710 | outB[9]     |       SPEF | 0.00844 | 0.00090 | 2.68661 | 
     +---------------------------------------------------------------------------------------------------------+ 
Path 2: MET Late External Delay Assertion 
Endpoint:   outB[9]     (^) checked with  leading edge of 'CLK'
Beginpoint: addressB[2] (v) triggered by  leading edge of 'CLK'
Other End Arrival Time        0.00000
- External Delay              0.80000
+ Phase Shift                 25.00000
= Required Time               24.20000
- Arrival Time                2.68550
= Slack Time                  21.51450
     Clock Rise Edge                    0.00000
     + Input Delay                      0.80000
     = Beginpoint Arrival Time          0.80000
     +---------------------------------------------------------------------------------------------------------+ 
     | Instance |      Arc      |   Cell    |  Slew   |     Net     |    Arc     |  Load   |  Delay  | Arrival | 
     |          |               |           |         |             | Annotation |         |         |  Time   | 
     |----------+---------------+-----------+---------+-------------+------------+---------+---------+---------| 
     |          | addressB[2] v |           | 1.00000 | addressB[2] |       SPEF | 0.00954 |         | 0.80000 | 
     | U1155    |               | NOR2_X1   | 1.00000 | addressB[2] |       SPEF | 0.00954 | 0.00060 | 0.80060 | 
     | U1155    | A2 v -> ZN ^  | NOR2_X1   | 0.43590 | n872        |            | 0.02143 | 0.96060 | 1.76120 | 
     | U1138    |               | AND2_X1   | 0.43590 | n872        |       SPEF | 0.02143 | 0.00130 | 1.76250 | 
     | U1138    | A2 ^ -> ZN ^  | AND2_X1   | 0.26910 | n596        |            | 0.03194 | 0.45420 | 2.21670 | 
     | U830     |               | AOI22_X1  | 0.26910 | n596        |       SPEF | 0.03194 | 0.00380 | 2.22050 | 
     | U830     | B1 ^ -> ZN v  | AOI22_X1  | 0.08280 | n594        |            | 0.00317 | 0.13160 | 2.35210 | 
     | U829     |               | OAI221_X1 | 0.08280 | n594        |       SPEF | 0.00317 | 0.00020 | 2.35230 | 
     | U829     | A v -> ZN ^   | OAI221_X1 | 0.17300 | n591        |            | 0.00422 | 0.12870 | 2.48100 | 
     | U828     |               | NOR4_X1   | 0.17300 | n591        |       SPEF | 0.00422 | 0.00040 | 2.48140 | 
     | U828     | A4 ^ -> ZN v  | NOR4_X1   | 0.04790 | n562        |            | 0.00350 | 0.08270 | 2.56410 | 
     | U818     |               | NAND2_X1  | 0.04790 | n562        |       SPEF | 0.00350 | 0.00020 | 2.56430 | 
     | U818     | A1 v -> ZN ^  | NAND2_X1  | 0.08710 | outB[9]     |            | 0.00844 | 0.12030 | 2.68460 | 
     |          |               | RegFile   | 0.08710 | outB[9]     |       SPEF | 0.00844 | 0.00090 | 2.68550 | 
     +---------------------------------------------------------------------------------------------------------+ 
Path 3: MET Late External Delay Assertion 
Endpoint:   outB[9]     (^) checked with  leading edge of 'CLK'
Beginpoint: addressB[2] (v) triggered by  leading edge of 'CLK'
Other End Arrival Time        0.00000
- External Delay              0.80000
+ Phase Shift                 25.00000
= Required Time               24.20000
- Arrival Time                2.68530
= Slack Time                  21.51470
     Clock Rise Edge                    0.00000
     + Input Delay                      0.80000
     = Beginpoint Arrival Time          0.80000
     +---------------------------------------------------------------------------------------------------------+ 
     | Instance |      Arc      |   Cell    |  Slew   |     Net     |    Arc     |  Load   |  Delay  | Arrival | 
     |          |               |           |         |             | Annotation |         |         |  Time   | 
     |----------+---------------+-----------+---------+-------------+------------+---------+---------+---------| 
     |          | addressB[2] v |           | 1.00000 | addressB[2] |       SPEF | 0.00954 |         | 0.80000 | 
     | U1155    |               | NOR2_X1   | 1.00000 | addressB[2] |       SPEF | 0.00954 | 0.00060 | 0.80060 | 
     | U1155    | A2 v -> ZN ^  | NOR2_X1   | 0.43590 | n872        |            | 0.02143 | 0.96060 | 1.76120 | 
     | U1138    |               | AND2_X1   | 0.43590 | n872        |       SPEF | 0.02143 | 0.00130 | 1.76250 | 
     | U1138    | A2 ^ -> ZN ^  | AND2_X1   | 0.26910 | n596        |            | 0.03194 | 0.45420 | 2.21670 | 
     | U830     |               | AOI22_X1  | 0.26910 | n596        |       SPEF | 0.03194 | 0.00380 | 2.22050 | 
     | U830     | B1 ^ -> ZN v  | AOI22_X1  | 0.08280 | n594        |            | 0.00317 | 0.13160 | 2.35210 | 
     | U829     |               | OAI221_X1 | 0.08280 | n594        |       SPEF | 0.00317 | 0.00020 | 2.35230 | 
     | U829     | A v -> ZN ^   | OAI221_X1 | 0.17300 | n591        |            | 0.00422 | 0.12850 | 2.48080 | 
     | U828     |               | NOR4_X1   | 0.17300 | n591        |       SPEF | 0.00422 | 0.00040 | 2.48120 | 
     | U828     | A4 ^ -> ZN v  | NOR4_X1   | 0.04790 | n562        |            | 0.00350 | 0.08270 | 2.56390 | 
     | U818     |               | NAND2_X1  | 0.04790 | n562        |       SPEF | 0.00350 | 0.00020 | 2.56410 | 
     | U818     | A1 v -> ZN ^  | NAND2_X1  | 0.08710 | outB[9]     |            | 0.00844 | 0.12030 | 2.68440 | 
     |          |               | RegFile   | 0.08710 | outB[9]     |       SPEF | 0.00844 | 0.00090 | 2.68530 | 
     +---------------------------------------------------------------------------------------------------------+ 
Path 4: MET Late External Delay Assertion 
Endpoint:   outB[9]     (^) checked with  leading edge of 'CLK'
Beginpoint: addressB[2] (v) triggered by  leading edge of 'CLK'
Other End Arrival Time        0.00000
- External Delay              0.80000
+ Phase Shift                 25.00000
= Required Time               24.20000
- Arrival Time                2.68431
= Slack Time                  21.51570
     Clock Rise Edge                    0.00000
     + Input Delay                      0.80000
     = Beginpoint Arrival Time          0.80000
     +---------------------------------------------------------------------------------------------------------+ 
     | Instance |      Arc      |   Cell    |  Slew   |     Net     |    Arc     |  Load   |  Delay  | Arrival | 
     |          |               |           |         |             | Annotation |         |         |  Time   | 
     |----------+---------------+-----------+---------+-------------+------------+---------+---------+---------| 
     |          | addressB[2] v |           | 1.00000 | addressB[2] |       SPEF | 0.00954 |         | 0.80000 | 
     | U1155    |               | NOR2_X1   | 1.00000 | addressB[2] |       SPEF | 0.00954 | 0.00060 | 0.80060 | 
     | U1155    | A2 v -> ZN ^  | NOR2_X1   | 0.43590 | n872        |            | 0.02143 | 0.96060 | 1.76120 | 
     | U1138    |               | AND2_X1   | 0.43590 | n872        |       SPEF | 0.02143 | 0.00130 | 1.76250 | 
     | U1138    | A2 ^ -> ZN ^  | AND2_X1   | 0.26910 | n596        |            | 0.03194 | 0.45420 | 2.21670 | 
     | U830     |               | AOI22_X1  | 0.26910 | n596        |       SPEF | 0.03194 | 0.00380 | 2.22050 | 
     | U830     | B1 ^ -> ZN v  | AOI22_X1  | 0.08280 | n594        |            | 0.00317 | 0.13160 | 2.35210 | 
     | U829     |               | OAI221_X1 | 0.08280 | n594        |       SPEF | 0.00317 | 0.00020 | 2.35230 | 
     | U829     | A v -> ZN ^   | OAI221_X1 | 0.17300 | n591        |            | 0.00422 | 0.12750 | 2.47980 | 
     | U828     |               | NOR4_X1   | 0.17300 | n591        |       SPEF | 0.00422 | 0.00040 | 2.48020 | 
     | U828     | A4 ^ -> ZN v  | NOR4_X1   | 0.04790 | n562        |            | 0.00350 | 0.08270 | 2.56290 | 
     | U818     |               | NAND2_X1  | 0.04790 | n562        |       SPEF | 0.00350 | 0.00020 | 2.56310 | 
     | U818     | A1 v -> ZN ^  | NAND2_X1  | 0.08710 | outB[9]     |            | 0.00844 | 0.12030 | 2.68340 | 
     |          |               | RegFile   | 0.08710 | outB[9]     |       SPEF | 0.00844 | 0.00090 | 2.68431 | 
     +---------------------------------------------------------------------------------------------------------+ 
Path 5: MET Late External Delay Assertion 
Endpoint:   outB[9]     (^) checked with  leading edge of 'CLK'
Beginpoint: addressB[2] (v) triggered by  leading edge of 'CLK'
Other End Arrival Time        0.00000
- External Delay              0.80000
+ Phase Shift                 25.00000
= Required Time               24.20000
- Arrival Time                2.68320
= Slack Time                  21.51680
     Clock Rise Edge                    0.00000
     + Input Delay                      0.80000
     = Beginpoint Arrival Time          0.80000
     +---------------------------------------------------------------------------------------------------------+ 
     | Instance |      Arc      |   Cell    |  Slew   |     Net     |    Arc     |  Load   |  Delay  | Arrival | 
     |          |               |           |         |             | Annotation |         |         |  Time   | 
     |----------+---------------+-----------+---------+-------------+------------+---------+---------+---------| 
     |          | addressB[2] v |           | 1.00000 | addressB[2] |       SPEF | 0.00954 |         | 0.80000 | 
     | U1155    |               | NOR2_X1   | 1.00000 | addressB[2] |       SPEF | 0.00954 | 0.00060 | 0.80060 | 
     | U1155    | A2 v -> ZN ^  | NOR2_X1   | 0.43590 | n872        |            | 0.02143 | 0.96060 | 1.76120 | 
     | U1138    |               | AND2_X1   | 0.43590 | n872        |       SPEF | 0.02143 | 0.00130 | 1.76250 | 
     | U1138    | A2 ^ -> ZN ^  | AND2_X1   | 0.26910 | n596        |            | 0.03194 | 0.45420 | 2.21670 | 
     | U830     |               | AOI22_X1  | 0.26910 | n596        |       SPEF | 0.03194 | 0.00380 | 2.22050 | 
     | U830     | B1 ^ -> ZN v  | AOI22_X1  | 0.08280 | n594        |            | 0.00317 | 0.13160 | 2.35210 | 
     | U829     |               | OAI221_X1 | 0.08280 | n594        |       SPEF | 0.00317 | 0.00020 | 2.35230 | 
     | U829     | A v -> ZN ^   | OAI221_X1 | 0.17300 | n591        |            | 0.00422 | 0.12640 | 2.47870 | 
     | U828     |               | NOR4_X1   | 0.17300 | n591        |       SPEF | 0.00422 | 0.00040 | 2.47910 | 
     | U828     | A4 ^ -> ZN v  | NOR4_X1   | 0.04790 | n562        |            | 0.00350 | 0.08270 | 2.56180 | 
     | U818     |               | NAND2_X1  | 0.04790 | n562        |       SPEF | 0.00350 | 0.00020 | 2.56200 | 
     | U818     | A1 v -> ZN ^  | NAND2_X1  | 0.08710 | outB[9]     |            | 0.00844 | 0.12030 | 2.68230 | 
     |          |               | RegFile   | 0.08710 | outB[9]     |       SPEF | 0.00844 | 0.00090 | 2.68320 | 
     +---------------------------------------------------------------------------------------------------------+ 
Path 6: MET Late External Delay Assertion 
Endpoint:   outB[9]     (^) checked with  leading edge of 'CLK'
Beginpoint: addressB[2] (v) triggered by  leading edge of 'CLK'
Other End Arrival Time        0.00000
- External Delay              0.80000
+ Phase Shift                 25.00000
= Required Time               24.20000
- Arrival Time                2.68320
= Slack Time                  21.51680
     Clock Rise Edge                    0.00000
     + Input Delay                      0.80000
     = Beginpoint Arrival Time          0.80000
     +---------------------------------------------------------------------------------------------------------+ 
     | Instance |      Arc      |   Cell    |  Slew   |     Net     |    Arc     |  Load   |  Delay  | Arrival | 
     |          |               |           |         |             | Annotation |         |         |  Time   | 
     |----------+---------------+-----------+---------+-------------+------------+---------+---------+---------| 
     |          | addressB[2] v |           | 1.00000 | addressB[2] |       SPEF | 0.00954 |         | 0.80000 | 
     | U1155    |               | NOR2_X1   | 1.00000 | addressB[2] |       SPEF | 0.00954 | 0.00060 | 0.80060 | 
     | U1155    | A2 v -> ZN ^  | NOR2_X1   | 0.43590 | n872        |            | 0.02143 | 0.96060 | 1.76120 | 
     | U1138    |               | AND2_X1   | 0.43590 | n872        |       SPEF | 0.02143 | 0.00130 | 1.76250 | 
     | U1138    | A2 ^ -> ZN ^  | AND2_X1   | 0.26910 | n596        |            | 0.03194 | 0.45420 | 2.21670 | 
     | U830     |               | AOI22_X1  | 0.26910 | n596        |       SPEF | 0.03194 | 0.00380 | 2.22050 | 
     | U830     | B1 ^ -> ZN v  | AOI22_X1  | 0.08280 | n594        |            | 0.00317 | 0.13160 | 2.35210 | 
     | U829     |               | OAI221_X1 | 0.08280 | n594        |       SPEF | 0.00317 | 0.00020 | 2.35230 | 
     | U829     | A v -> ZN ^   | OAI221_X1 | 0.17300 | n591        |            | 0.00422 | 0.12640 | 2.47870 | 
     | U828     |               | NOR4_X1   | 0.17300 | n591        |       SPEF | 0.00422 | 0.00040 | 2.47910 | 
     | U828     | A4 ^ -> ZN v  | NOR4_X1   | 0.04790 | n562        |            | 0.00350 | 0.08270 | 2.56180 | 
     | U818     |               | NAND2_X1  | 0.04790 | n562        |       SPEF | 0.00350 | 0.00020 | 2.56200 | 
     | U818     | A1 v -> ZN ^  | NAND2_X1  | 0.08710 | outB[9]     |            | 0.00844 | 0.12030 | 2.68230 | 
     |          |               | RegFile   | 0.08710 | outB[9]     |       SPEF | 0.00844 | 0.00090 | 2.68320 | 
     +---------------------------------------------------------------------------------------------------------+ 
Path 7: MET Late External Delay Assertion 
Endpoint:   outB[9]     (^) checked with  leading edge of 'CLK'
Beginpoint: addressB[2] (v) triggered by  leading edge of 'CLK'
Other End Arrival Time        0.00000
- External Delay              0.80000
+ Phase Shift                 25.00000
= Required Time               24.20000
- Arrival Time                2.68300
= Slack Time                  21.51700
     Clock Rise Edge                    0.00000
     + Input Delay                      0.80000
     = Beginpoint Arrival Time          0.80000
     +---------------------------------------------------------------------------------------------------------+ 
     | Instance |      Arc      |   Cell    |  Slew   |     Net     |    Arc     |  Load   |  Delay  | Arrival | 
     |          |               |           |         |             | Annotation |         |         |  Time   | 
     |----------+---------------+-----------+---------+-------------+------------+---------+---------+---------| 
     |          | addressB[2] v |           | 1.00000 | addressB[2] |       SPEF | 0.00954 |         | 0.80000 | 
     | U1155    |               | NOR2_X1   | 1.00000 | addressB[2] |       SPEF | 0.00954 | 0.00060 | 0.80060 | 
     | U1155    | A2 v -> ZN ^  | NOR2_X1   | 0.43590 | n872        |            | 0.02143 | 0.96060 | 1.76120 | 
     | U1138    |               | AND2_X1   | 0.43590 | n872        |       SPEF | 0.02143 | 0.00130 | 1.76250 | 
     | U1138    | A2 ^ -> ZN ^  | AND2_X1   | 0.26910 | n596        |            | 0.03194 | 0.45420 | 2.21670 | 
     | U830     |               | AOI22_X1  | 0.26910 | n596        |       SPEF | 0.03194 | 0.00380 | 2.22050 | 
     | U830     | B1 ^ -> ZN v  | AOI22_X1  | 0.08280 | n594        |            | 0.00317 | 0.13160 | 2.35210 | 
     | U829     |               | OAI221_X1 | 0.08280 | n594        |       SPEF | 0.00317 | 0.00020 | 2.35230 | 
     | U829     | A v -> ZN ^   | OAI221_X1 | 0.17300 | n591        |            | 0.00422 | 0.12620 | 2.47850 | 
     | U828     |               | NOR4_X1   | 0.17300 | n591        |       SPEF | 0.00422 | 0.00040 | 2.47890 | 
     | U828     | A4 ^ -> ZN v  | NOR4_X1   | 0.04790 | n562        |            | 0.00350 | 0.08270 | 2.56160 | 
     | U818     |               | NAND2_X1  | 0.04790 | n562        |       SPEF | 0.00350 | 0.00020 | 2.56180 | 
     | U818     | A1 v -> ZN ^  | NAND2_X1  | 0.08710 | outB[9]     |            | 0.00844 | 0.12030 | 2.68210 | 
     |          |               | RegFile   | 0.08710 | outB[9]     |       SPEF | 0.00844 | 0.00090 | 2.68300 | 
     +---------------------------------------------------------------------------------------------------------+ 
Path 8: MET Late External Delay Assertion 
Endpoint:   outB[9]     (^) checked with  leading edge of 'CLK'
Beginpoint: addressB[2] (v) triggered by  leading edge of 'CLK'
Other End Arrival Time        0.00000
- External Delay              0.80000
+ Phase Shift                 25.00000
= Required Time               24.20000
- Arrival Time                2.68200
= Slack Time                  21.51800
     Clock Rise Edge                    0.00000
     + Input Delay                      0.80000
     = Beginpoint Arrival Time          0.80000
     +---------------------------------------------------------------------------------------------------------+ 
     | Instance |      Arc      |   Cell    |  Slew   |     Net     |    Arc     |  Load   |  Delay  | Arrival | 
     |          |               |           |         |             | Annotation |         |         |  Time   | 
     |----------+---------------+-----------+---------+-------------+------------+---------+---------+---------| 
     |          | addressB[2] v |           | 1.00000 | addressB[2] |       SPEF | 0.00954 |         | 0.80000 | 
     | U1155    |               | NOR2_X1   | 1.00000 | addressB[2] |       SPEF | 0.00954 | 0.00060 | 0.80060 | 
     | U1155    | A2 v -> ZN ^  | NOR2_X1   | 0.43590 | n872        |            | 0.02143 | 0.96060 | 1.76120 | 
     | U1138    |               | AND2_X1   | 0.43590 | n872        |       SPEF | 0.02143 | 0.00130 | 1.76250 | 
     | U1138    | A2 ^ -> ZN ^  | AND2_X1   | 0.26910 | n596        |            | 0.03194 | 0.45420 | 2.21670 | 
     | U830     |               | AOI22_X1  | 0.26910 | n596        |       SPEF | 0.03194 | 0.00380 | 2.22050 | 
     | U830     | B1 ^ -> ZN v  | AOI22_X1  | 0.08280 | n594        |            | 0.00317 | 0.13160 | 2.35210 | 
     | U829     |               | OAI221_X1 | 0.08280 | n594        |       SPEF | 0.00317 | 0.00020 | 2.35230 | 
     | U829     | A v -> ZN ^   | OAI221_X1 | 0.17300 | n591        |            | 0.00422 | 0.12520 | 2.47750 | 
     | U828     |               | NOR4_X1   | 0.17300 | n591        |       SPEF | 0.00422 | 0.00040 | 2.47790 | 
     | U828     | A4 ^ -> ZN v  | NOR4_X1   | 0.04790 | n562        |            | 0.00350 | 0.08270 | 2.56060 | 
     | U818     |               | NAND2_X1  | 0.04790 | n562        |       SPEF | 0.00350 | 0.00020 | 2.56080 | 
     | U818     | A1 v -> ZN ^  | NAND2_X1  | 0.08710 | outB[9]     |            | 0.00844 | 0.12030 | 2.68110 | 
     |          |               | RegFile   | 0.08710 | outB[9]     |       SPEF | 0.00844 | 0.00090 | 2.68200 | 
     +---------------------------------------------------------------------------------------------------------+ 
Path 9: MET Late External Delay Assertion 
Endpoint:   outB[9]     (^) checked with  leading edge of 'CLK'
Beginpoint: addressB[2] (v) triggered by  leading edge of 'CLK'
Other End Arrival Time        0.00000
- External Delay              0.80000
+ Phase Shift                 25.00000
= Required Time               24.20000
- Arrival Time                2.68200
= Slack Time                  21.51800
     Clock Rise Edge                    0.00000
     + Input Delay                      0.80000
     = Beginpoint Arrival Time          0.80000
     +---------------------------------------------------------------------------------------------------------+ 
     | Instance |      Arc      |   Cell    |  Slew   |     Net     |    Arc     |  Load   |  Delay  | Arrival | 
     |          |               |           |         |             | Annotation |         |         |  Time   | 
     |----------+---------------+-----------+---------+-------------+------------+---------+---------+---------| 
     |          | addressB[2] v |           | 1.00000 | addressB[2] |       SPEF | 0.00954 |         | 0.80000 | 
     | U1155    |               | NOR2_X1   | 1.00000 | addressB[2] |       SPEF | 0.00954 | 0.00060 | 0.80060 | 
     | U1155    | A2 v -> ZN ^  | NOR2_X1   | 0.43590 | n872        |            | 0.02143 | 0.96060 | 1.76120 | 
     | U1107    |               | AND2_X1   | 0.43590 | n872        |       SPEF | 0.02143 | 0.00060 | 1.76180 | 
     | U1107    | A2 ^ -> ZN ^  | AND2_X1   | 0.25980 | n572        |            | 0.03079 | 0.44440 | 2.20620 | 
     | U821     |               | AOI22_X1  | 0.25980 | n572        |       SPEF | 0.03079 | 0.00350 | 2.20970 | 
     | U821     | B1 ^ -> ZN v  | AOI22_X1  | 0.07940 | n570        |            | 0.00246 | 0.12180 | 2.33150 | 
     | U820     |               | OAI221_X1 | 0.07940 | n570        |       SPEF | 0.00246 | 0.00010 | 2.33160 | 
     | U820     | A v -> ZN ^   | OAI221_X1 | 0.18400 | n567        |            | 0.00480 | 0.13270 | 2.46430 | 
     | U819     |               | NOR4_X1   | 0.18400 | n567        |       SPEF | 0.00480 | 0.00030 | 2.46460 | 
     | U819     | A4 ^ -> ZN v  | NOR4_X1   | 0.05050 | n563        |            | 0.00368 | 0.08640 | 2.55100 | 
     | U818     |               | NAND2_X1  | 0.05050 | n563        |       SPEF | 0.00368 | 0.00030 | 2.55130 | 
     | U818     | A2 v -> ZN ^  | NAND2_X1  | 0.08710 | outB[9]     |            | 0.00844 | 0.12980 | 2.68110 | 
     |          |               | RegFile   | 0.08710 | outB[9]     |       SPEF | 0.00844 | 0.00090 | 2.68200 | 
     +---------------------------------------------------------------------------------------------------------+ 
Path 10: MET Late External Delay Assertion 
Endpoint:   outB[9]     (^) checked with  leading edge of 'CLK'
Beginpoint: addressB[2] (v) triggered by  leading edge of 'CLK'
Other End Arrival Time        0.00000
- External Delay              0.80000
+ Phase Shift                 25.00000
= Required Time               24.20000
- Arrival Time                2.68190
= Slack Time                  21.51810
     Clock Rise Edge                    0.00000
     + Input Delay                      0.80000
     = Beginpoint Arrival Time          0.80000
     +---------------------------------------------------------------------------------------------------------+ 
     | Instance |      Arc      |   Cell    |  Slew   |     Net     |    Arc     |  Load   |  Delay  | Arrival | 
     |          |               |           |         |             | Annotation |         |         |  Time   | 
     |----------+---------------+-----------+---------+-------------+------------+---------+---------+---------| 
     |          | addressB[2] v |           | 1.00000 | addressB[2] |       SPEF | 0.00954 |         | 0.80000 | 
     | U1155    |               | NOR2_X1   | 1.00000 | addressB[2] |       SPEF | 0.00954 | 0.00060 | 0.80060 | 
     | U1155    | A2 v -> ZN ^  | NOR2_X1   | 0.43590 | n872        |            | 0.02143 | 0.96060 | 1.76120 | 
     | U1138    |               | AND2_X1   | 0.43590 | n872        |       SPEF | 0.02143 | 0.00130 | 1.76250 | 
     | U1138    | A2 ^ -> ZN ^  | AND2_X1   | 0.26910 | n596        |            | 0.03194 | 0.45420 | 2.21670 | 
     | U830     |               | AOI22_X1  | 0.26910 | n596        |       SPEF | 0.03194 | 0.00380 | 2.22050 | 
     | U830     | B1 ^ -> ZN v  | AOI22_X1  | 0.08280 | n594        |            | 0.00317 | 0.13160 | 2.35210 | 
     | U829     |               | OAI221_X1 | 0.08280 | n594        |       SPEF | 0.00317 | 0.00020 | 2.35230 | 
     | U829     | A v -> ZN ^   | OAI221_X1 | 0.17300 | n591        |            | 0.00422 | 0.12510 | 2.47740 | 
     | U828     |               | NOR4_X1   | 0.17300 | n591        |       SPEF | 0.00422 | 0.00040 | 2.47780 | 
     | U828     | A4 ^ -> ZN v  | NOR4_X1   | 0.04790 | n562        |            | 0.00350 | 0.08270 | 2.56050 | 
     | U818     |               | NAND2_X1  | 0.04790 | n562        |       SPEF | 0.00350 | 0.00020 | 2.56070 | 
     | U818     | A1 v -> ZN ^  | NAND2_X1  | 0.08710 | outB[9]     |            | 0.00844 | 0.12030 | 2.68100 | 
     |          |               | RegFile   | 0.08710 | outB[9]     |       SPEF | 0.00844 | 0.00090 | 2.68190 | 
     +---------------------------------------------------------------------------------------------------------+ 

