###############################################################
#  Generated by:      Cadence Encounter 09.10-p004_1
#  OS:                Linux i686(Host ID esl2-5)
#  Generated on:      Thu Nov 21 11:15:20 2013
#  Command:           report_timing -net -format {instance arc cell slew net...
###############################################################
Path 1: MET Setup Check with Pin RegX_28/\Reg_reg[13] /CK 
Endpoint:   RegX_28/\Reg_reg[13] /D (v) checked with  leading edge of 'CLK'
Beginpoint: addressIn[4]            (^) triggered by  leading edge of 'CLK'
Other End Arrival Time        0.00000
- Setup                       0.12630
+ Phase Shift                 3.50000
= Required Time               3.37370
- Arrival Time                3.29220
= Slack Time                  0.08150
     Clock Rise Edge                    0.00000
     + Input Delay                      0.80000
     = Beginpoint Arrival Time          0.80000
     +-------------------------------------------------------------------------------------------------------------------------+ 
     |       Instance       |      Arc       |   Cell    |  Slew   |      Net       |    Arc     |  Load   |  Delay  | Arrival | 
     |                      |                |           |         |                | Annotation |         |         |  Time   | 
     |----------------------+----------------+-----------+---------+----------------+------------+---------+---------+---------| 
     |                      | addressIn[4] ^ |           | 1.00000 | addressIn[4]   |            | 0.00147 |         | 0.80000 | 
     | U1789                |                | CLKBUF_X1 | 1.00000 | addressIn[4]   |            | 0.00147 | 0.00000 | 0.80000 | 
     | U1789                | A ^ -> Z ^     | CLKBUF_X1 | 0.21860 | n1271          |            | 0.02547 | 0.52580 | 1.32580 | 
     | I_20                 |                | INV_X1    | 0.21860 | n1271          |            | 0.02547 | 0.00180 | 1.32760 | 
     | I_20                 | A ^ -> ZN v    | INV_X1    | 0.07330 | N307           |            | 0.01500 | 0.13880 | 1.46640 | 
     | C1074                |                | OR2_X1    | 0.07330 | N307           |            | 0.01500 | 0.00100 | 1.46740 | 
     | C1074                | A2 v -> ZN v   | OR2_X1    | 0.04650 | N386           |            | 0.00812 | 0.24860 | 1.71600 | 
     | C1075                |                | OR2_X1    | 0.04650 | N386           |            | 0.00812 | 0.00020 | 1.71620 | 
     | C1075                | A2 v -> ZN v   | OR2_X1    | 0.03810 | N387           |            | 0.00337 | 0.21090 | 1.92710 | 
     | U1856                |                | OR2_X1    | 0.03810 | N387           |            | 0.00337 | 0.00010 | 1.92720 | 
     | U1856                | A2 v -> ZN v   | OR2_X1    | 0.06800 | N370           |            | 0.00124 | 0.19040 | 2.11760 | 
     | U1869                |                | OR2_X1    | 0.06800 | N370           |            | 0.00124 | 0.00000 | 2.11760 | 
     | U1869                | A2 v -> ZN v   | OR2_X1    | 0.07040 | N371           |            | 0.00213 | 0.21340 | 2.33100 | 
     | I_33                 |                | INV_X1    | 0.07040 | N371           |            | 0.00213 | 0.00010 | 2.33110 | 
     | I_33                 | A v -> ZN ^    | INV_X1    | 0.29410 | N372           |            | 0.03528 | 0.35470 | 2.68580 | 
     | U301                 |                | INV_X1    | 0.29410 | N372           |            | 0.03528 | 0.00230 | 2.68810 | 
     | U301                 | A ^ -> ZN v    | INV_X1    | 0.11460 | n206           |            | 0.03114 | 0.22960 | 2.91770 | 
     | U292                 |                | AOI22_X1  | 0.11460 | n206           |            | 0.03114 | 0.00070 | 2.91840 | 
     | U292                 | B1 v -> ZN ^   | AOI22_X1  | 0.24190 | n217           |            | 0.00200 | 0.20550 | 3.12390 | 
     | U291                 |                | INV_X1    | 0.24190 | n217           |            | 0.00200 | 0.00010 | 3.12400 | 
     | U291                 | A ^ -> ZN v    | INV_X1    | 0.04730 | \regIn[28][13] |            | 0.00170 | 0.04240 | 3.16640 | 
     | RegX_28/U29          |                | NAND2_X1  | 0.04730 | \regIn[28][13] |            | 0.00170 | 0.00000 | 3.16640 | 
     | RegX_28/U29          | A1 v -> ZN ^   | NAND2_X1  | 0.06410 | RegX_28/n88    |            | 0.00206 | 0.06520 | 3.23160 | 
     | RegX_28/U28          |                | OAI21_X1  | 0.06410 | RegX_28/n88    |            | 0.00206 | 0.00010 | 3.23170 | 
     | RegX_28/U28          | A ^ -> ZN v    | OAI21_X1  | 0.07360 | RegX_28/n56    |            | 0.00135 | 0.06050 | 3.29220 | 
     | RegX_28/\Reg_reg[13] |                | DFFR_X1   | 0.07360 | RegX_28/n56    |            | 0.00135 | 0.00000 | 3.29220 | 
     +-------------------------------------------------------------------------------------------------------------------------+ 
Path 2: MET Late External Delay Assertion 
Endpoint:   outB[9]     (v) checked with  leading edge of 'CLK'
Beginpoint: addressB[4] (v) triggered by  leading edge of 'CLK'
Other End Arrival Time        0.00000
- External Delay              0.80000
+ Phase Shift                 3.50000
= Required Time               2.70000
- Arrival Time                2.61520
= Slack Time                  0.08480
     Clock Rise Edge                    0.00000
     + Input Delay                      0.80000
     = Beginpoint Arrival Time          0.80000
     +----------------------------------------------------------------------------------------------------------------+ 
     |   Instance    |      Arc      |   Cell    |  Slew   |      Net      |    Arc     |  Load   |  Delay  | Arrival | 
     |               |               |           |         |               | Annotation |         |         |  Time   | 
     |---------------+---------------+-----------+---------+---------------+------------+---------+---------+---------| 
     |               | addressB[4] v |           | 1.00000 | addressB[4]   |            | 0.00850 |         | 0.80000 | 
     | U1119         |               | AND2_X1   | 1.00000 | addressB[4]   |            | 0.00850 | 0.00060 | 0.80060 | 
     | U1119         | A1 v -> ZN v  | AND2_X1   | 0.05860 | n878          |            | 0.00199 | 0.45360 | 1.25420 | 
     | U1118         |               | AND2_X1   | 0.05860 | n878          |            | 0.00199 | 0.00000 | 1.25420 | 
     | U1118         | A1 v -> ZN v  | AND2_X1   | 0.06530 | n873          |            | 0.00837 | 0.14340 | 1.39760 | 
     | U1110         |               | NAND2_X1  | 0.06530 | n873          |            | 0.00837 | 0.00020 | 1.39780 | 
     | U1110         | A1 v -> ZN ^  | NAND2_X1  | 0.06050 | n568          |            | 0.00107 | 0.06430 | 1.46210 | 
     | FE_OFC74_n568 |               | BUF_X1    | 0.06050 | n568          |            | 0.00107 | 0.00000 | 1.46210 | 
     | FE_OFC74_n568 | A ^ -> Z ^    | BUF_X1    | 0.26950 | FE_OFN74_n568 |            | 0.03214 | 0.33960 | 1.80170 | 
     | U820          |               | OAI221_X1 | 0.26950 | FE_OFN74_n568 |            | 0.03214 | 0.00300 | 1.80470 | 
     | U820          | B2 ^ -> ZN v  | OAI221_X1 | 0.09110 | n567          |            | 0.00389 | 0.17420 | 1.97890 | 
     | U819          |               | NOR4_X1   | 0.09110 | n567          |            | 0.00389 | 0.00020 | 1.97910 | 
     | U819          | A4 v -> ZN ^  | NOR4_X1   | 0.27710 | n563          |            | 0.00458 | 0.47250 | 2.45160 | 
     | U818          |               | NAND2_X1  | 0.27710 | n563          |            | 0.00458 | 0.00040 | 2.45200 | 
     | U818          | A2 ^ -> ZN v  | NAND2_X1  | 0.08730 | outB[9]       |            | 0.00931 | 0.16230 | 2.61430 | 
     |               |               | RegFile   | 0.08730 | outB[9]       |            | 0.00931 | 0.00090 | 2.61520 | 
     +----------------------------------------------------------------------------------------------------------------+ 
Path 3: MET Setup Check with Pin RegX_28/\Reg_reg[13] /CK 
Endpoint:   RegX_28/\Reg_reg[13] /D (v) checked with  leading edge of 'CLK'
Beginpoint: addressIn[4]            (^) triggered by  leading edge of 'CLK'
Other End Arrival Time        0.00000
- Setup                       0.12630
+ Phase Shift                 3.50000
= Required Time               3.37370
- Arrival Time                3.28580
= Slack Time                  0.08790
     Clock Rise Edge                    0.00000
     + Input Delay                      0.80000
     = Beginpoint Arrival Time          0.80000
     +-------------------------------------------------------------------------------------------------------------------------+ 
     |       Instance       |      Arc       |   Cell    |  Slew   |      Net       |    Arc     |  Load   |  Delay  | Arrival | 
     |                      |                |           |         |                | Annotation |         |         |  Time   | 
     |----------------------+----------------+-----------+---------+----------------+------------+---------+---------+---------| 
     |                      | addressIn[4] ^ |           | 1.00000 | addressIn[4]   |            | 0.00147 |         | 0.80000 | 
     | U1789                |                | CLKBUF_X1 | 1.00000 | addressIn[4]   |            | 0.00147 | 0.00000 | 0.80000 | 
     | U1789                | A ^ -> Z ^     | CLKBUF_X1 | 0.21860 | n1271          |            | 0.02547 | 0.52580 | 1.32580 | 
     | I_20                 |                | INV_X1    | 0.21860 | n1271          |            | 0.02547 | 0.00180 | 1.32760 | 
     | I_20                 | A ^ -> ZN v    | INV_X1    | 0.07330 | N307           |            | 0.01500 | 0.13880 | 1.46640 | 
     | C1074                |                | OR2_X1    | 0.07330 | N307           |            | 0.01500 | 0.00100 | 1.46740 | 
     | C1074                | A2 v -> ZN v   | OR2_X1    | 0.04650 | N386           |            | 0.00812 | 0.24860 | 1.71600 | 
     | C1075                |                | OR2_X1    | 0.04650 | N386           |            | 0.00812 | 0.00020 | 1.71620 | 
     | C1075                | A2 v -> ZN v   | OR2_X1    | 0.03810 | N387           |            | 0.00337 | 0.21090 | 1.92710 | 
     | U1856                |                | OR2_X1    | 0.03810 | N387           |            | 0.00337 | 0.00010 | 1.92720 | 
     | U1856                | A2 v -> ZN v   | OR2_X1    | 0.06800 | N370           |            | 0.00124 | 0.19040 | 2.11760 | 
     | U1869                |                | OR2_X1    | 0.06800 | N370           |            | 0.00124 | 0.00000 | 2.11760 | 
     | U1869                | A2 v -> ZN v   | OR2_X1    | 0.07040 | N371           |            | 0.00213 | 0.21340 | 2.33100 | 
     | I_33                 |                | INV_X1    | 0.07040 | N371           |            | 0.00213 | 0.00010 | 2.33110 | 
     | I_33                 | A v -> ZN ^    | INV_X1    | 0.29410 | N372           |            | 0.03528 | 0.35470 | 2.68580 | 
     | U301                 |                | INV_X1    | 0.29410 | N372           |            | 0.03528 | 0.00230 | 2.68810 | 
     | U301                 | A ^ -> ZN v    | INV_X1    | 0.11460 | n206           |            | 0.03114 | 0.22960 | 2.91770 | 
     | U292                 |                | AOI22_X1  | 0.11460 | n206           |            | 0.03114 | 0.00070 | 2.91840 | 
     | U292                 | B1 v -> ZN ^   | AOI22_X1  | 0.24190 | n217           |            | 0.00200 | 0.20550 | 3.12390 | 
     | U291                 |                | INV_X1    | 0.24190 | n217           |            | 0.00200 | 0.00010 | 3.12400 | 
     | U291                 | A ^ -> ZN v    | INV_X1    | 0.04730 | \regIn[28][13] |            | 0.00170 | 0.04240 | 3.16640 | 
     | RegX_28/U29          |                | NAND2_X1  | 0.04730 | \regIn[28][13] |            | 0.00170 | 0.00000 | 3.16640 | 
     | RegX_28/U29          | A1 v -> ZN ^   | NAND2_X1  | 0.06410 | RegX_28/n88    |            | 0.00206 | 0.06520 | 3.23160 | 
     | RegX_28/U28          |                | OAI21_X1  | 0.06410 | RegX_28/n88    |            | 0.00206 | 0.00010 | 3.23170 | 
     | RegX_28/U28          | A ^ -> ZN v    | OAI21_X1  | 0.07360 | RegX_28/n56    |            | 0.00135 | 0.05410 | 3.28580 | 
     | RegX_28/\Reg_reg[13] |                | DFFR_X1   | 0.07360 | RegX_28/n56    |            | 0.00135 | 0.00000 | 3.28580 | 
     +-------------------------------------------------------------------------------------------------------------------------+ 
Path 4: MET Setup Check with Pin RegX_28/\Reg_reg[13] /CK 
Endpoint:   RegX_28/\Reg_reg[13] /D (v) checked with  leading edge of 'CLK'
Beginpoint: addressIn[4]            (^) triggered by  leading edge of 'CLK'
Other End Arrival Time        0.00000
- Setup                       0.12630
+ Phase Shift                 3.50000
= Required Time               3.37370
- Arrival Time                3.28350
= Slack Time                  0.09020
     Clock Rise Edge                    0.00000
     + Input Delay                      0.80000
     = Beginpoint Arrival Time          0.80000
     +-------------------------------------------------------------------------------------------------------------------------+ 
     |       Instance       |      Arc       |   Cell    |  Slew   |      Net       |    Arc     |  Load   |  Delay  | Arrival | 
     |                      |                |           |         |                | Annotation |         |         |  Time   | 
     |----------------------+----------------+-----------+---------+----------------+------------+---------+---------+---------| 
     |                      | addressIn[4] ^ |           | 1.00000 | addressIn[4]   |            | 0.00147 |         | 0.80000 | 
     | U1789                |                | CLKBUF_X1 | 1.00000 | addressIn[4]   |            | 0.00147 | 0.00000 | 0.80000 | 
     | U1789                | A ^ -> Z ^     | CLKBUF_X1 | 0.21860 | n1271          |            | 0.02547 | 0.52580 | 1.32580 | 
     | I_20                 |                | INV_X1    | 0.21860 | n1271          |            | 0.02547 | 0.00180 | 1.32760 | 
     | I_20                 | A ^ -> ZN v    | INV_X1    | 0.07330 | N307           |            | 0.01500 | 0.13880 | 1.46640 | 
     | C1074                |                | OR2_X1    | 0.07330 | N307           |            | 0.01500 | 0.00100 | 1.46740 | 
     | C1074                | A2 v -> ZN v   | OR2_X1    | 0.04650 | N386           |            | 0.00812 | 0.24860 | 1.71600 | 
     | C1075                |                | OR2_X1    | 0.04650 | N386           |            | 0.00812 | 0.00020 | 1.71620 | 
     | C1075                | A2 v -> ZN v   | OR2_X1    | 0.03810 | N387           |            | 0.00337 | 0.21090 | 1.92710 | 
     | U1856                |                | OR2_X1    | 0.03810 | N387           |            | 0.00337 | 0.00010 | 1.92720 | 
     | U1856                | A2 v -> ZN v   | OR2_X1    | 0.06800 | N370           |            | 0.00124 | 0.19040 | 2.11760 | 
     | U1869                |                | OR2_X1    | 0.06800 | N370           |            | 0.00124 | 0.00000 | 2.11760 | 
     | U1869                | A2 v -> ZN v   | OR2_X1    | 0.07040 | N371           |            | 0.00213 | 0.21340 | 2.33100 | 
     | I_33                 |                | INV_X1    | 0.07040 | N371           |            | 0.00213 | 0.00010 | 2.33110 | 
     | I_33                 | A v -> ZN ^    | INV_X1    | 0.29410 | N372           |            | 0.03528 | 0.35470 | 2.68580 | 
     | U301                 |                | INV_X1    | 0.29410 | N372           |            | 0.03528 | 0.00230 | 2.68810 | 
     | U301                 | A ^ -> ZN v    | INV_X1    | 0.11460 | n206           |            | 0.03114 | 0.22960 | 2.91770 | 
     | U292                 |                | AOI22_X1  | 0.11460 | n206           |            | 0.03114 | 0.00070 | 2.91840 | 
     | U292                 | B1 v -> ZN ^   | AOI22_X1  | 0.24190 | n217           |            | 0.00200 | 0.20550 | 3.12390 | 
     | U291                 |                | INV_X1    | 0.24190 | n217           |            | 0.00200 | 0.00010 | 3.12400 | 
     | U291                 | A ^ -> ZN v    | INV_X1    | 0.04730 | \regIn[28][13] |            | 0.00170 | 0.04240 | 3.16640 | 
     | RegX_28/U29          |                | NAND2_X1  | 0.04730 | \regIn[28][13] |            | 0.00170 | 0.00000 | 3.16640 | 
     | RegX_28/U29          | A1 v -> ZN ^   | NAND2_X1  | 0.06410 | RegX_28/n88    |            | 0.00206 | 0.06520 | 3.23160 | 
     | RegX_28/U28          |                | OAI21_X1  | 0.06410 | RegX_28/n88    |            | 0.00206 | 0.00010 | 3.23170 | 
     | RegX_28/U28          | A ^ -> ZN v    | OAI21_X1  | 0.07360 | RegX_28/n56    |            | 0.00135 | 0.05180 | 3.28350 | 
     | RegX_28/\Reg_reg[13] |                | DFFR_X1   | 0.07360 | RegX_28/n56    |            | 0.00135 | 0.00000 | 3.28350 | 
     +-------------------------------------------------------------------------------------------------------------------------+ 
Path 5: MET Setup Check with Pin RegX_28/\Reg_reg[0] /CK 
Endpoint:   RegX_28/\Reg_reg[0] /D (v) checked with  leading edge of 'CLK'
Beginpoint: addressIn[4]           (^) triggered by  leading edge of 'CLK'
Other End Arrival Time        0.00000
- Setup                       0.11970
+ Phase Shift                 3.50000
= Required Time               3.38030
- Arrival Time                3.28800
= Slack Time                  0.09230
     Clock Rise Edge                    0.00000
     + Input Delay                      0.80000
     = Beginpoint Arrival Time          0.80000
     +-----------------------------------------------------------------------------------------------------------------------+ 
     |      Instance       |      Arc       |   Cell    |  Slew   |      Net      |    Arc     |  Load   |  Delay  | Arrival | 
     |                     |                |           |         |               | Annotation |         |         |  Time   | 
     |---------------------+----------------+-----------+---------+---------------+------------+---------+---------+---------| 
     |                     | addressIn[4] ^ |           | 1.00000 | addressIn[4]  |            | 0.00147 |         | 0.80000 | 
     | U1789               |                | CLKBUF_X1 | 1.00000 | addressIn[4]  |            | 0.00147 | 0.00000 | 0.80000 | 
     | U1789               | A ^ -> Z ^     | CLKBUF_X1 | 0.21860 | n1271         |            | 0.02547 | 0.52580 | 1.32580 | 
     | I_20                |                | INV_X1    | 0.21860 | n1271         |            | 0.02547 | 0.00180 | 1.32760 | 
     | I_20                | A ^ -> ZN v    | INV_X1    | 0.07330 | N307          |            | 0.01500 | 0.13880 | 1.46640 | 
     | C1074               |                | OR2_X1    | 0.07330 | N307          |            | 0.01500 | 0.00100 | 1.46740 | 
     | C1074               | A2 v -> ZN v   | OR2_X1    | 0.04650 | N386          |            | 0.00812 | 0.24860 | 1.71600 | 
     | C1075               |                | OR2_X1    | 0.04650 | N386          |            | 0.00812 | 0.00020 | 1.71620 | 
     | C1075               | A2 v -> ZN v   | OR2_X1    | 0.03810 | N387          |            | 0.00337 | 0.21090 | 1.92710 | 
     | U1856               |                | OR2_X1    | 0.03810 | N387          |            | 0.00337 | 0.00010 | 1.92720 | 
     | U1856               | A2 v -> ZN v   | OR2_X1    | 0.06800 | N370          |            | 0.00124 | 0.19040 | 2.11760 | 
     | U1869               |                | OR2_X1    | 0.06800 | N370          |            | 0.00124 | 0.00000 | 2.11760 | 
     | U1869               | A2 v -> ZN v   | OR2_X1    | 0.07040 | N371          |            | 0.00213 | 0.21340 | 2.33100 | 
     | I_33                |                | INV_X1    | 0.07040 | N371          |            | 0.00213 | 0.00010 | 2.33110 | 
     | I_33                | A v -> ZN ^    | INV_X1    | 0.29410 | N372          |            | 0.03528 | 0.35470 | 2.68580 | 
     | U301                |                | INV_X1    | 0.29410 | N372          |            | 0.03528 | 0.00230 | 2.68810 | 
     | U301                | A ^ -> ZN v    | INV_X1    | 0.11460 | n206          |            | 0.03114 | 0.22960 | 2.91770 | 
     | U300                |                | AOI22_X1  | 0.11460 | n206          |            | 0.03114 | 0.00170 | 2.91940 | 
     | U300                | B1 v -> ZN ^   | AOI22_X1  | 0.24180 | n221          |            | 0.00199 | 0.20540 | 3.12480 | 
     | U299                |                | INV_X1    | 0.24180 | n221          |            | 0.00199 | 0.00010 | 3.12490 | 
     | U299                | A ^ -> ZN v    | INV_X1    | 0.04720 | \regIn[28][0] |            | 0.00168 | 0.04200 | 3.16690 | 
     | RegX_28/U3          |                | NAND2_X1  | 0.04720 | \regIn[28][0] |            | 0.00168 | 0.00000 | 3.16690 | 
     | RegX_28/U3          | A2 v -> ZN ^   | NAND2_X1  | 0.03550 | RegX_28/n101  |            | 0.00171 | 0.07000 | 3.23690 | 
     | RegX_28/U2          |                | OAI21_X1  | 0.03550 | RegX_28/n101  |            | 0.00171 | 0.00000 | 3.23690 | 
     | RegX_28/U2          | A ^ -> ZN v    | OAI21_X1  | 0.06060 | RegX_28/n69   |            | 0.00173 | 0.05100 | 3.28790 | 
     | RegX_28/\Reg_reg[0] |                | DFFR_X1   | 0.06060 | RegX_28/n69   |            | 0.00173 | 0.00010 | 3.28800 | 
     +-----------------------------------------------------------------------------------------------------------------------+ 
Path 6: MET Late External Delay Assertion 
Endpoint:   outB[9]     (v) checked with  leading edge of 'CLK'
Beginpoint: addressB[2] (v) triggered by  leading edge of 'CLK'
Other End Arrival Time        0.00000
- External Delay              0.80000
+ Phase Shift                 3.50000
= Required Time               2.70000
- Arrival Time                2.60600
= Slack Time                  0.09400
     Clock Rise Edge                    0.00000
     + Input Delay                      0.80000
     = Beginpoint Arrival Time          0.80000
     +----------------------------------------------------------------------------------------------------------------+ 
     |   Instance    |      Arc      |   Cell    |  Slew   |      Net      |    Arc     |  Load   |  Delay  | Arrival | 
     |               |               |           |         |               | Annotation |         |         |  Time   | 
     |---------------+---------------+-----------+---------+---------------+------------+---------+---------+---------| 
     |               | addressB[2] v |           | 1.00000 | addressB[2]   |            | 0.00948 |         | 0.80000 | 
     | U1170         |               | INV_X1    | 1.00000 | addressB[2]   |            | 0.00948 | 0.00060 | 0.80060 | 
     | U1170         | A v -> ZN ^   | INV_X1    | 0.22340 | n900          |            | 0.00514 | 0.41340 | 1.21400 | 
     | U1169         |               | NOR2_X2   | 0.22340 | n900          |            | 0.00514 | 0.00010 | 1.21410 | 
     | U1169         | A1 ^ -> ZN v  | NOR2_X2   | 0.20990 | n877          |            | 0.01956 | 0.11350 | 1.32760 | 
     | U1117         |               | NAND2_X1  | 0.20990 | n877          |            | 0.01956 | 0.00100 | 1.32860 | 
     | U1117         | A2 v -> ZN ^  | NAND2_X1  | 0.06190 | n573          |            | 0.00127 | 0.13640 | 1.46500 | 
     | FE_OFC72_n573 |               | BUF_X1    | 0.06190 | n573          |            | 0.00127 | 0.00000 | 1.46500 | 
     | FE_OFC72_n573 | A ^ -> Z ^    | BUF_X1    | 0.28710 | FE_OFN72_n573 |            | 0.03432 | 0.35850 | 1.82350 | 
     | U822          |               | OAI221_X1 | 0.28710 | FE_OFN72_n573 |            | 0.03432 | 0.00380 | 1.82730 | 
     | U822          | B2 ^ -> ZN v  | OAI221_X1 | 0.08570 | n566          |            | 0.00219 | 0.16090 | 1.98820 | 
     | U819          |               | NOR4_X1   | 0.08570 | n566          |            | 0.00219 | 0.00010 | 1.98830 | 
     | U819          | A3 v -> ZN ^  | NOR4_X1   | 0.27710 | n563          |            | 0.00458 | 0.45410 | 2.44240 | 
     | U818          |               | NAND2_X1  | 0.27710 | n563          |            | 0.00458 | 0.00040 | 2.44280 | 
     | U818          | A2 ^ -> ZN v  | NAND2_X1  | 0.08730 | outB[9]       |            | 0.00931 | 0.16230 | 2.60510 | 
     |               |               | RegFile   | 0.08730 | outB[9]       |            | 0.00931 | 0.00090 | 2.60600 | 
     +----------------------------------------------------------------------------------------------------------------+ 
Path 7: MET Setup Check with Pin RegX_28/\Reg_reg[12] /CK 
Endpoint:   RegX_28/\Reg_reg[12] /D (v) checked with  leading edge of 'CLK'
Beginpoint: addressIn[4]            (^) triggered by  leading edge of 'CLK'
Other End Arrival Time        0.00000
- Setup                       0.12240
+ Phase Shift                 3.50000
= Required Time               3.37760
- Arrival Time                3.28330
= Slack Time                  0.09430
     Clock Rise Edge                    0.00000
     + Input Delay                      0.80000
     = Beginpoint Arrival Time          0.80000
     +-------------------------------------------------------------------------------------------------------------------------+ 
     |       Instance       |      Arc       |   Cell    |  Slew   |      Net       |    Arc     |  Load   |  Delay  | Arrival | 
     |                      |                |           |         |                | Annotation |         |         |  Time   | 
     |----------------------+----------------+-----------+---------+----------------+------------+---------+---------+---------| 
     |                      | addressIn[4] ^ |           | 1.00000 | addressIn[4]   |            | 0.00147 |         | 0.80000 | 
     | U1789                |                | CLKBUF_X1 | 1.00000 | addressIn[4]   |            | 0.00147 | 0.00000 | 0.80000 | 
     | U1789                | A ^ -> Z ^     | CLKBUF_X1 | 0.21860 | n1271          |            | 0.02547 | 0.52580 | 1.32580 | 
     | I_20                 |                | INV_X1    | 0.21860 | n1271          |            | 0.02547 | 0.00180 | 1.32760 | 
     | I_20                 | A ^ -> ZN v    | INV_X1    | 0.07330 | N307           |            | 0.01500 | 0.13880 | 1.46640 | 
     | C1074                |                | OR2_X1    | 0.07330 | N307           |            | 0.01500 | 0.00100 | 1.46740 | 
     | C1074                | A2 v -> ZN v   | OR2_X1    | 0.04650 | N386           |            | 0.00812 | 0.24860 | 1.71600 | 
     | C1075                |                | OR2_X1    | 0.04650 | N386           |            | 0.00812 | 0.00020 | 1.71620 | 
     | C1075                | A2 v -> ZN v   | OR2_X1    | 0.03810 | N387           |            | 0.00337 | 0.21090 | 1.92710 | 
     | U1856                |                | OR2_X1    | 0.03810 | N387           |            | 0.00337 | 0.00010 | 1.92720 | 
     | U1856                | A2 v -> ZN v   | OR2_X1    | 0.06800 | N370           |            | 0.00124 | 0.19040 | 2.11760 | 
     | U1869                |                | OR2_X1    | 0.06800 | N370           |            | 0.00124 | 0.00000 | 2.11760 | 
     | U1869                | A2 v -> ZN v   | OR2_X1    | 0.07040 | N371           |            | 0.00213 | 0.21340 | 2.33100 | 
     | I_33                 |                | INV_X1    | 0.07040 | N371           |            | 0.00213 | 0.00010 | 2.33110 | 
     | I_33                 | A v -> ZN ^    | INV_X1    | 0.29410 | N372           |            | 0.03528 | 0.35470 | 2.68580 | 
     | U301                 |                | INV_X1    | 0.29410 | N372           |            | 0.03528 | 0.00230 | 2.68810 | 
     | U301                 | A ^ -> ZN v    | INV_X1    | 0.11460 | n206           |            | 0.03114 | 0.22960 | 2.91770 | 
     | U294                 |                | AOI22_X1  | 0.11460 | n206           |            | 0.03114 | 0.00050 | 2.91820 | 
     | U294                 | B1 v -> ZN ^   | AOI22_X1  | 0.24680 | n218           |            | 0.00220 | 0.20950 | 3.12770 | 
     | U293                 |                | INV_X1    | 0.24680 | n218           |            | 0.00220 | 0.00010 | 3.12780 | 
     | U293                 | A ^ -> ZN v    | INV_X1    | 0.04810 | \regIn[28][12] |            | 0.00170 | 0.04230 | 3.17010 | 
     | RegX_28/U27          |                | NAND2_X1  | 0.04810 | \regIn[28][12] |            | 0.00170 | 0.00000 | 3.17010 | 
     | RegX_28/U27          | A1 v -> ZN ^   | NAND2_X1  | 0.03980 | RegX_28/n89    |            | 0.00171 | 0.06240 | 3.23250 | 
     | RegX_28/U26          |                | OAI21_X1  | 0.03980 | RegX_28/n89    |            | 0.00171 | 0.00000 | 3.23250 | 
     | RegX_28/U26          | A ^ -> ZN v    | OAI21_X1  | 0.06600 | RegX_28/n57    |            | 0.00129 | 0.05080 | 3.28330 | 
     | RegX_28/\Reg_reg[12] |                | DFFR_X1   | 0.06600 | RegX_28/n57    |            | 0.00129 | 0.00000 | 3.28330 | 
     +-------------------------------------------------------------------------------------------------------------------------+ 
Path 8: MET Late External Delay Assertion 
Endpoint:   outB[9]     (v) checked with  leading edge of 'CLK'
Beginpoint: addressB[4] (v) triggered by  leading edge of 'CLK'
Other End Arrival Time        0.00000
- External Delay              0.80000
+ Phase Shift                 3.50000
= Required Time               2.70000
- Arrival Time                2.60530
= Slack Time                  0.09470
     Clock Rise Edge                    0.00000
     + Input Delay                      0.80000
     = Beginpoint Arrival Time          0.80000
     +----------------------------------------------------------------------------------------------------------------+ 
     |   Instance    |      Arc      |   Cell    |  Slew   |      Net      |    Arc     |  Load   |  Delay  | Arrival | 
     |               |               |           |         |               | Annotation |         |         |  Time   | 
     |---------------+---------------+-----------+---------+---------------+------------+---------+---------+---------| 
     |               | addressB[4] v |           | 1.00000 | addressB[4]   |            | 0.00850 |         | 0.80000 | 
     | U1119         |               | AND2_X1   | 1.00000 | addressB[4]   |            | 0.00850 | 0.00060 | 0.80060 | 
     | U1119         | A1 v -> ZN v  | AND2_X1   | 0.05860 | n878          |            | 0.00199 | 0.45360 | 1.25420 | 
     | U1118         |               | AND2_X1   | 0.05860 | n878          |            | 0.00199 | 0.00000 | 1.25420 | 
     | U1118         | A1 v -> ZN v  | AND2_X1   | 0.06530 | n873          |            | 0.00837 | 0.14340 | 1.39760 | 
     | U1117         |               | NAND2_X1  | 0.06530 | n873          |            | 0.00837 | 0.00030 | 1.39790 | 
     | U1117         | A1 v -> ZN ^  | NAND2_X1  | 0.06190 | n573          |            | 0.00127 | 0.06640 | 1.46430 | 
     | FE_OFC72_n573 |               | BUF_X1    | 0.06190 | n573          |            | 0.00127 | 0.00000 | 1.46430 | 
     | FE_OFC72_n573 | A ^ -> Z ^    | BUF_X1    | 0.28710 | FE_OFN72_n573 |            | 0.03432 | 0.35850 | 1.82280 | 
     | U822          |               | OAI221_X1 | 0.28710 | FE_OFN72_n573 |            | 0.03432 | 0.00380 | 1.82660 | 
     | U822          | B2 ^ -> ZN v  | OAI221_X1 | 0.08570 | n566          |            | 0.00219 | 0.16090 | 1.98750 | 
     | U819          |               | NOR4_X1   | 0.08570 | n566          |            | 0.00219 | 0.00010 | 1.98760 | 
     | U819          | A3 v -> ZN ^  | NOR4_X1   | 0.27710 | n563          |            | 0.00458 | 0.45410 | 2.44170 | 
     | U818          |               | NAND2_X1  | 0.27710 | n563          |            | 0.00458 | 0.00040 | 2.44210 | 
     | U818          | A2 ^ -> ZN v  | NAND2_X1  | 0.08730 | outB[9]       |            | 0.00931 | 0.16230 | 2.60440 | 
     |               |               | RegFile   | 0.08730 | outB[9]       |            | 0.00931 | 0.00090 | 2.60530 | 
     +----------------------------------------------------------------------------------------------------------------+ 
Path 9: MET Setup Check with Pin RegX_28/\Reg_reg[0] /CK 
Endpoint:   RegX_28/\Reg_reg[0] /D (v) checked with  leading edge of 'CLK'
Beginpoint: addressIn[4]           (^) triggered by  leading edge of 'CLK'
Other End Arrival Time        0.00000
- Setup                       0.11970
+ Phase Shift                 3.50000
= Required Time               3.38030
- Arrival Time                3.28280
= Slack Time                  0.09750
     Clock Rise Edge                    0.00000
     + Input Delay                      0.80000
     = Beginpoint Arrival Time          0.80000
     +-----------------------------------------------------------------------------------------------------------------------+ 
     |      Instance       |      Arc       |   Cell    |  Slew   |      Net      |    Arc     |  Load   |  Delay  | Arrival | 
     |                     |                |           |         |               | Annotation |         |         |  Time   | 
     |---------------------+----------------+-----------+---------+---------------+------------+---------+---------+---------| 
     |                     | addressIn[4] ^ |           | 1.00000 | addressIn[4]  |            | 0.00147 |         | 0.80000 | 
     | U1789               |                | CLKBUF_X1 | 1.00000 | addressIn[4]  |            | 0.00147 | 0.00000 | 0.80000 | 
     | U1789               | A ^ -> Z ^     | CLKBUF_X1 | 0.21860 | n1271         |            | 0.02547 | 0.52580 | 1.32580 | 
     | I_20                |                | INV_X1    | 0.21860 | n1271         |            | 0.02547 | 0.00180 | 1.32760 | 
     | I_20                | A ^ -> ZN v    | INV_X1    | 0.07330 | N307          |            | 0.01500 | 0.13880 | 1.46640 | 
     | C1074               |                | OR2_X1    | 0.07330 | N307          |            | 0.01500 | 0.00100 | 1.46740 | 
     | C1074               | A2 v -> ZN v   | OR2_X1    | 0.04650 | N386          |            | 0.00812 | 0.24860 | 1.71600 | 
     | C1075               |                | OR2_X1    | 0.04650 | N386          |            | 0.00812 | 0.00020 | 1.71620 | 
     | C1075               | A2 v -> ZN v   | OR2_X1    | 0.03810 | N387          |            | 0.00337 | 0.21090 | 1.92710 | 
     | U1856               |                | OR2_X1    | 0.03810 | N387          |            | 0.00337 | 0.00010 | 1.92720 | 
     | U1856               | A2 v -> ZN v   | OR2_X1    | 0.06800 | N370          |            | 0.00124 | 0.19040 | 2.11760 | 
     | U1869               |                | OR2_X1    | 0.06800 | N370          |            | 0.00124 | 0.00000 | 2.11760 | 
     | U1869               | A2 v -> ZN v   | OR2_X1    | 0.07040 | N371          |            | 0.00213 | 0.21340 | 2.33100 | 
     | I_33                |                | INV_X1    | 0.07040 | N371          |            | 0.00213 | 0.00010 | 2.33110 | 
     | I_33                | A v -> ZN ^    | INV_X1    | 0.29410 | N372          |            | 0.03528 | 0.35470 | 2.68580 | 
     | U301                |                | INV_X1    | 0.29410 | N372          |            | 0.03528 | 0.00230 | 2.68810 | 
     | U301                | A ^ -> ZN v    | INV_X1    | 0.11460 | n206          |            | 0.03114 | 0.22960 | 2.91770 | 
     | U300                |                | AOI22_X1  | 0.11460 | n206          |            | 0.03114 | 0.00170 | 2.91940 | 
     | U300                | B1 v -> ZN ^   | AOI22_X1  | 0.24180 | n221          |            | 0.00199 | 0.20540 | 3.12480 | 
     | U299                |                | INV_X1    | 0.24180 | n221          |            | 0.00199 | 0.00010 | 3.12490 | 
     | U299                | A ^ -> ZN v    | INV_X1    | 0.04720 | \regIn[28][0] |            | 0.00168 | 0.04200 | 3.16690 | 
     | RegX_28/U3          |                | NAND2_X1  | 0.04720 | \regIn[28][0] |            | 0.00168 | 0.00000 | 3.16690 | 
     | RegX_28/U3          | A2 v -> ZN ^   | NAND2_X1  | 0.03550 | RegX_28/n101  |            | 0.00171 | 0.07000 | 3.23690 | 
     | RegX_28/U2          |                | OAI21_X1  | 0.03550 | RegX_28/n101  |            | 0.00171 | 0.00000 | 3.23690 | 
     | RegX_28/U2          | A ^ -> ZN v    | OAI21_X1  | 0.06060 | RegX_28/n69   |            | 0.00173 | 0.04580 | 3.28270 | 
     | RegX_28/\Reg_reg[0] |                | DFFR_X1   | 0.06060 | RegX_28/n69   |            | 0.00173 | 0.00010 | 3.28280 | 
     +-----------------------------------------------------------------------------------------------------------------------+ 
Path 10: MET Setup Check with Pin RegX_28/\Reg_reg[15] /CK 
Endpoint:   RegX_28/\Reg_reg[15] /D (v) checked with  leading edge of 'CLK'
Beginpoint: addressIn[4]            (^) triggered by  leading edge of 'CLK'
Other End Arrival Time        0.00000
- Setup                       0.12240
+ Phase Shift                 3.50000
= Required Time               3.37760
- Arrival Time                3.27990
= Slack Time                  0.09770
     Clock Rise Edge                    0.00000
     + Input Delay                      0.80000
     = Beginpoint Arrival Time          0.80000
     +-------------------------------------------------------------------------------------------------------------------------+ 
     |       Instance       |      Arc       |   Cell    |  Slew   |      Net       |    Arc     |  Load   |  Delay  | Arrival | 
     |                      |                |           |         |                | Annotation |         |         |  Time   | 
     |----------------------+----------------+-----------+---------+----------------+------------+---------+---------+---------| 
     |                      | addressIn[4] ^ |           | 1.00000 | addressIn[4]   |            | 0.00147 |         | 0.80000 | 
     | U1789                |                | CLKBUF_X1 | 1.00000 | addressIn[4]   |            | 0.00147 | 0.00000 | 0.80000 | 
     | U1789                | A ^ -> Z ^     | CLKBUF_X1 | 0.21860 | n1271          |            | 0.02547 | 0.52580 | 1.32580 | 
     | I_20                 |                | INV_X1    | 0.21860 | n1271          |            | 0.02547 | 0.00180 | 1.32760 | 
     | I_20                 | A ^ -> ZN v    | INV_X1    | 0.07330 | N307           |            | 0.01500 | 0.13880 | 1.46640 | 
     | C1074                |                | OR2_X1    | 0.07330 | N307           |            | 0.01500 | 0.00100 | 1.46740 | 
     | C1074                | A2 v -> ZN v   | OR2_X1    | 0.04650 | N386           |            | 0.00812 | 0.24860 | 1.71600 | 
     | C1075                |                | OR2_X1    | 0.04650 | N386           |            | 0.00812 | 0.00020 | 1.71620 | 
     | C1075                | A2 v -> ZN v   | OR2_X1    | 0.03810 | N387           |            | 0.00337 | 0.21090 | 1.92710 | 
     | U1856                |                | OR2_X1    | 0.03810 | N387           |            | 0.00337 | 0.00010 | 1.92720 | 
     | U1856                | A2 v -> ZN v   | OR2_X1    | 0.06800 | N370           |            | 0.00124 | 0.19040 | 2.11760 | 
     | U1869                |                | OR2_X1    | 0.06800 | N370           |            | 0.00124 | 0.00000 | 2.11760 | 
     | U1869                | A2 v -> ZN v   | OR2_X1    | 0.07040 | N371           |            | 0.00213 | 0.21340 | 2.33100 | 
     | I_33                 |                | INV_X1    | 0.07040 | N371           |            | 0.00213 | 0.00010 | 2.33110 | 
     | I_33                 | A v -> ZN ^    | INV_X1    | 0.29410 | N372           |            | 0.03528 | 0.35470 | 2.68580 | 
     | U301                 |                | INV_X1    | 0.29410 | N372           |            | 0.03528 | 0.00230 | 2.68810 | 
     | U301                 | A ^ -> ZN v    | INV_X1    | 0.11460 | n206           |            | 0.03114 | 0.22960 | 2.91770 | 
     | U288                 |                | AOI22_X1  | 0.11460 | n206           |            | 0.03114 | 0.00060 | 2.91830 | 
     | U288                 | B1 v -> ZN ^   | AOI22_X1  | 0.23590 | n215           |            | 0.00174 | 0.20040 | 3.11870 | 
     | U287                 |                | INV_X1    | 0.23590 | n215           |            | 0.00174 | 0.00000 | 3.11870 | 
     | U287                 | A ^ -> ZN v    | INV_X1    | 0.04710 | \regIn[28][15] |            | 0.00183 | 0.04440 | 3.16310 | 
     | RegX_28/U34          |                | NAND2_X1  | 0.04710 | \regIn[28][15] |            | 0.00183 | 0.00000 | 3.16310 | 
     | RegX_28/U34          | A1 v -> ZN ^   | NAND2_X1  | 0.04190 | RegX_28/n86    |            | 0.00203 | 0.06480 | 3.22790 | 
     | RegX_28/U33          |                | OAI21_X1  | 0.04190 | RegX_28/n86    |            | 0.00203 | 0.00010 | 3.22800 | 
     | RegX_28/U33          | A ^ -> ZN v    | OAI21_X1  | 0.06600 | RegX_28/n53    |            | 0.00129 | 0.05190 | 3.27990 | 
     | RegX_28/\Reg_reg[15] |                | DFFR_X1   | 0.06600 | RegX_28/n53    |            | 0.00129 | 0.00000 | 3.27990 | 
     +-------------------------------------------------------------------------------------------------------------------------+ 

