###############################################################
#  Generated by:      Cadence Encounter 09.10-p004_1
#  OS:                Linux i686(Host ID esl2-5)
#  Generated on:      Thu Nov 21 11:15:55 2013
#  Command:           report_timing -net -format {instance arc cell slew net...
###############################################################
Path 1: MET Late External Delay Assertion 
Endpoint:   outB[9]     (v) checked with  leading edge of 'CLK'
Beginpoint: addressB[2] (v) triggered by  leading edge of 'CLK'
Other End Arrival Time        0.00000
- External Delay              0.80000
+ Phase Shift                 3.50000
= Required Time               2.70000
- Arrival Time                2.57260
= Slack Time                  0.12740
     Clock Rise Edge                    0.00000
     + Input Delay                      0.80000
     = Beginpoint Arrival Time          0.80000
     +----------------------------------------------------------------------------------------------------------------+ 
     |   Instance    |      Arc      |   Cell    |  Slew   |      Net      |    Arc     |  Load   |  Delay  | Arrival | 
     |               |               |           |         |               | Annotation |         |         |  Time   | 
     |---------------+---------------+-----------+---------+---------------+------------+---------+---------+---------| 
     |               | addressB[2] v |           | 1.00000 | addressB[2]   |       SPEF | 0.00932 |         | 0.80000 | 
     | U1170         |               | INV_X1    | 1.00000 | addressB[2]   |       SPEF | 0.00932 | 0.00060 | 0.80060 | 
     | U1170         | A v -> ZN ^   | INV_X1    | 0.22310 | n900          |            | 0.00512 | 0.41290 | 1.21350 | 
     | U1169         |               | NOR2_X2   | 0.22310 | n900          |       SPEF | 0.00512 | 0.00010 | 1.21360 | 
     | U1169         | A1 ^ -> ZN v  | NOR2_X2   | 0.21380 | n877          |            | 0.02130 | 0.11860 | 1.33220 | 
     | U1115         |               | NAND2_X1  | 0.21380 | n877          |       SPEF | 0.02130 | 0.00120 | 1.33340 | 
     | U1115         | A2 v -> ZN ^  | NAND2_X1  | 0.06180 | n574          |            | 0.00118 | 0.13610 | 1.46950 | 
     | FE_OFC73_n574 |               | BUF_X1    | 0.06180 | n574          |       SPEF | 0.00118 | 0.00000 | 1.46950 | 
     | FE_OFC73_n574 | A ^ -> Z ^    | BUF_X1    | 0.29720 | FE_OFN73_n574 |            | 0.03557 | 0.36900 | 1.83850 | 
     | U822          |               | OAI221_X1 | 0.29720 | FE_OFN73_n574 |       SPEF | 0.03557 | 0.00390 | 1.84240 | 
     | U822          | C2 ^ -> ZN v  | OAI221_X1 | 0.08690 | n566          |            | 0.00212 | 0.15530 | 1.99770 | 
     | U819          |               | NOR4_X1   | 0.08690 | n566          |       SPEF | 0.00212 | 0.00010 | 1.99780 | 
     | U819          | A3 v -> ZN ^  | NOR4_X1   | 0.24960 | n563          |            | 0.00386 | 0.42300 | 2.42080 | 
     | U818          |               | NAND2_X1  | 0.24960 | n563          |       SPEF | 0.00386 | 0.00030 | 2.42110 | 
     | U818          | A2 ^ -> ZN v  | NAND2_X1  | 0.08800 | outB[9]       |            | 0.00864 | 0.15060 | 2.57170 | 
     |               |               | RegFile   | 0.08800 | outB[9]       |       SPEF | 0.00864 | 0.00090 | 2.57260 | 
     +----------------------------------------------------------------------------------------------------------------+ 
Path 2: MET Late External Delay Assertion 
Endpoint:   outB[9]     (v) checked with  leading edge of 'CLK'
Beginpoint: addressB[2] (v) triggered by  leading edge of 'CLK'
Other End Arrival Time        0.00000
- External Delay              0.80000
+ Phase Shift                 3.50000
= Required Time               2.70000
- Arrival Time                2.56200
= Slack Time                  0.13800
     Clock Rise Edge                    0.00000
     + Input Delay                      0.80000
     = Beginpoint Arrival Time          0.80000
     +----------------------------------------------------------------------------------------------------------------+ 
     |   Instance    |      Arc      |   Cell    |  Slew   |      Net      |    Arc     |  Load   |  Delay  | Arrival | 
     |               |               |           |         |               | Annotation |         |         |  Time   | 
     |---------------+---------------+-----------+---------+---------------+------------+---------+---------+---------| 
     |               | addressB[2] v |           | 1.00000 | addressB[2]   |       SPEF | 0.00932 |         | 0.80000 | 
     | U1170         |               | INV_X1    | 1.00000 | addressB[2]   |       SPEF | 0.00932 | 0.00060 | 0.80060 | 
     | U1170         | A v -> ZN ^   | INV_X1    | 0.22310 | n900          |            | 0.00512 | 0.41290 | 1.21350 | 
     | U1169         |               | NOR2_X2   | 0.22310 | n900          |       SPEF | 0.00512 | 0.00010 | 1.21360 | 
     | U1169         | A1 ^ -> ZN v  | NOR2_X2   | 0.21380 | n877          |            | 0.02130 | 0.11860 | 1.33220 | 
     | U1148         |               | NAND2_X1  | 0.21380 | n877          |       SPEF | 0.02130 | 0.00110 | 1.33330 | 
     | U1148         | A2 v -> ZN ^  | NAND2_X1  | 0.06250 | n597          |            | 0.00126 | 0.13750 | 1.47080 | 
     | FE_OFC60_n597 |               | BUF_X1    | 0.06250 | n597          |       SPEF | 0.00126 | 0.00000 | 1.47080 | 
     | FE_OFC60_n597 | A ^ -> Z ^    | BUF_X1    | 0.28320 | FE_OFN60_n597 |            | 0.03384 | 0.35460 | 1.82540 | 
     | U831          |               | OAI221_X1 | 0.28320 | FE_OFN60_n597 |       SPEF | 0.03384 | 0.00210 | 1.82750 | 
     | U831          | B2 ^ -> ZN v  | OAI221_X1 | 0.08410 | n590          |            | 0.00222 | 0.16030 | 1.98780 | 
     | U828          |               | NOR4_X1   | 0.08410 | n590          |       SPEF | 0.00222 | 0.00010 | 1.98790 | 
     | U828          | A3 v -> ZN ^  | NOR4_X1   | 0.25020 | n562          |            | 0.00387 | 0.42250 | 2.41040 | 
     | U818          |               | NAND2_X1  | 0.25020 | n562          |       SPEF | 0.00387 | 0.00030 | 2.41070 | 
     | U818          | A1 ^ -> ZN v  | NAND2_X1  | 0.08800 | outB[9]       |            | 0.00864 | 0.15040 | 2.56110 | 
     |               |               | RegFile   | 0.08800 | outB[9]       |       SPEF | 0.00864 | 0.00090 | 2.56200 | 
     +----------------------------------------------------------------------------------------------------------------+ 
Path 3: MET Late External Delay Assertion 
Endpoint:   outB[9]     (v) checked with  leading edge of 'CLK'
Beginpoint: addressB[1] (v) triggered by  leading edge of 'CLK'
Other End Arrival Time        0.00000
- External Delay              0.80000
+ Phase Shift                 3.50000
= Required Time               2.70000
- Arrival Time                2.55600
= Slack Time                  0.14400
     Clock Rise Edge                    0.00000
     + Input Delay                      0.80000
     = Beginpoint Arrival Time          0.80000
     +---------------------------------------------------------------------------------------------------------+ 
     | Instance |      Arc      |   Cell    |  Slew   |     Net     |    Arc     |  Load   |  Delay  | Arrival | 
     |          |               |           |         |             | Annotation |         |         |  Time   | 
     |----------+---------------+-----------+---------+-------------+------------+---------+---------+---------| 
     |          | addressB[1] v |           | 1.00000 | addressB[1] |       SPEF | 0.01127 |         | 0.80000 | 
     | U1164    |               | INV_X1    | 1.00000 | addressB[1] |       SPEF | 0.01127 | 0.00080 | 0.80080 | 
     | U1164    | A v -> ZN ^   | INV_X1    | 0.20190 | n898        |            | 0.00361 | 0.36690 | 1.16770 | 
     | U1155    |               | NOR2_X1   | 0.20190 | n898        |       SPEF | 0.00361 | 0.00010 | 1.16780 | 
     | U1155    | A1 ^ -> ZN v  | NOR2_X1   | 0.22950 | n872        |            | 0.01436 | 0.13340 | 1.30120 | 
     | U1138    |               | AND2_X1   | 0.22950 | n872        |       SPEF | 0.01436 | 0.00040 | 1.30160 | 
     | U1138    | A2 v -> ZN v  | AND2_X1   | 0.07550 | n596        |            | 0.03045 | 0.31030 | 1.61190 | 
     | U830     |               | AOI22_X1  | 0.07550 | n596        |       SPEF | 0.03045 | 0.00250 | 1.61440 | 
     | U830     | B1 v -> ZN ^  | AOI22_X1  | 0.11200 | n594        |            | 0.00279 | 0.20110 | 1.81550 | 
     | U829     |               | OAI221_X1 | 0.11200 | n594        |       SPEF | 0.00279 | 0.00010 | 1.81560 | 
     | U829     | A ^ -> ZN v   | OAI221_X1 | 0.09930 | n591        |            | 0.00503 | 0.14330 | 1.95890 | 
     | U828     |               | NOR4_X1   | 0.09930 | n591        |       SPEF | 0.00503 | 0.00020 | 1.95910 | 
     | U828     | A4 v -> ZN ^  | NOR4_X1   | 0.25020 | n562        |            | 0.00387 | 0.44530 | 2.40440 | 
     | U818     |               | NAND2_X1  | 0.25020 | n562        |       SPEF | 0.00387 | 0.00030 | 2.40470 | 
     | U818     | A1 ^ -> ZN v  | NAND2_X1  | 0.08800 | outB[9]     |            | 0.00864 | 0.15040 | 2.55510 | 
     |          |               | RegFile   | 0.08800 | outB[9]     |       SPEF | 0.00864 | 0.00090 | 2.55600 | 
     +---------------------------------------------------------------------------------------------------------+ 
Path 4: MET Late External Delay Assertion 
Endpoint:   outB[9]     (v) checked with  leading edge of 'CLK'
Beginpoint: addressB[4] (v) triggered by  leading edge of 'CLK'
Other End Arrival Time        0.00000
- External Delay              0.80000
+ Phase Shift                 3.50000
= Required Time               2.70000
- Arrival Time                2.55460
= Slack Time                  0.14540
     Clock Rise Edge                    0.00000
     + Input Delay                      0.80000
     = Beginpoint Arrival Time          0.80000
     +----------------------------------------------------------------------------------------------------------------+ 
     |   Instance    |      Arc      |   Cell    |  Slew   |      Net      |    Arc     |  Load   |  Delay  | Arrival | 
     |               |               |           |         |               | Annotation |         |         |  Time   | 
     |---------------+---------------+-----------+---------+---------------+------------+---------+---------+---------| 
     |               | addressB[4] v |           | 1.00000 | addressB[4]   |       SPEF | 0.00922 |         | 0.80000 | 
     | U1119         |               | AND2_X1   | 1.00000 | addressB[4]   |       SPEF | 0.00922 | 0.00070 | 0.80070 | 
     | U1119         | A1 v -> ZN v  | AND2_X1   | 0.05870 | n878          |            | 0.00204 | 0.45410 | 1.25480 | 
     | U1116         |               | AND2_X1   | 0.05870 | n878          |       SPEF | 0.00204 | 0.00000 | 1.25480 | 
     | U1116         | A1 v -> ZN v  | AND2_X1   | 0.03550 | n871          |            | 0.00909 | 0.14560 | 1.40040 | 
     | U1115         |               | NAND2_X1  | 0.03550 | n871          |       SPEF | 0.00909 | 0.00040 | 1.40080 | 
     | U1115         | A1 v -> ZN ^  | NAND2_X1  | 0.06180 | n574          |            | 0.00118 | 0.05070 | 1.45150 | 
     | FE_OFC73_n574 |               | BUF_X1    | 0.06180 | n574          |       SPEF | 0.00118 | 0.00000 | 1.45150 | 
     | FE_OFC73_n574 | A ^ -> Z ^    | BUF_X1    | 0.29720 | FE_OFN73_n574 |            | 0.03557 | 0.36900 | 1.82050 | 
     | U822          |               | OAI221_X1 | 0.29720 | FE_OFN73_n574 |       SPEF | 0.03557 | 0.00390 | 1.82440 | 
     | U822          | C2 ^ -> ZN v  | OAI221_X1 | 0.08690 | n566          |            | 0.00212 | 0.15530 | 1.97970 | 
     | U819          |               | NOR4_X1   | 0.08690 | n566          |       SPEF | 0.00212 | 0.00010 | 1.97980 | 
     | U819          | A3 v -> ZN ^  | NOR4_X1   | 0.24960 | n563          |            | 0.00386 | 0.42300 | 2.40280 | 
     | U818          |               | NAND2_X1  | 0.24960 | n563          |       SPEF | 0.00386 | 0.00030 | 2.40310 | 
     | U818          | A2 ^ -> ZN v  | NAND2_X1  | 0.08800 | outB[9]       |            | 0.00864 | 0.15060 | 2.55370 | 
     |               |               | RegFile   | 0.08800 | outB[9]       |       SPEF | 0.00864 | 0.00090 | 2.55460 | 
     +----------------------------------------------------------------------------------------------------------------+ 
Path 5: MET Late External Delay Assertion 
Endpoint:   outB[9]     (v) checked with  leading edge of 'CLK'
Beginpoint: addressB[2] (v) triggered by  leading edge of 'CLK'
Other End Arrival Time        0.00000
- External Delay              0.80000
+ Phase Shift                 3.50000
= Required Time               2.70000
- Arrival Time                2.55180
= Slack Time                  0.14820
     Clock Rise Edge                    0.00000
     + Input Delay                      0.80000
     = Beginpoint Arrival Time          0.80000
     +----------------------------------------------------------------------------------------------------------------+ 
     |   Instance    |      Arc      |   Cell    |  Slew   |      Net      |    Arc     |  Load   |  Delay  | Arrival | 
     |               |               |           |         |               | Annotation |         |         |  Time   | 
     |---------------+---------------+-----------+---------+---------------+------------+---------+---------+---------| 
     |               | addressB[2] v |           | 1.00000 | addressB[2]   |       SPEF | 0.00932 |         | 0.80000 | 
     | U1170         |               | INV_X1    | 1.00000 | addressB[2]   |       SPEF | 0.00932 | 0.00060 | 0.80060 | 
     | U1170         | A v -> ZN ^   | INV_X1    | 0.22310 | n900          |            | 0.00512 | 0.41290 | 1.21350 | 
     | U1169         |               | NOR2_X2   | 0.22310 | n900          |       SPEF | 0.00512 | 0.00010 | 1.21360 | 
     | U1169         | A1 ^ -> ZN v  | NOR2_X2   | 0.21380 | n877          |            | 0.02130 | 0.11860 | 1.33220 | 
     | U1115         |               | NAND2_X1  | 0.21380 | n877          |       SPEF | 0.02130 | 0.00120 | 1.33340 | 
     | U1115         | A2 v -> ZN ^  | NAND2_X1  | 0.06180 | n574          |            | 0.00118 | 0.13610 | 1.46950 | 
     | FE_OFC73_n574 |               | BUF_X1    | 0.06180 | n574          |       SPEF | 0.00118 | 0.00000 | 1.46950 | 
     | FE_OFC73_n574 | A ^ -> Z ^    | BUF_X1    | 0.29720 | FE_OFN73_n574 |            | 0.03557 | 0.36900 | 1.83850 | 
     | U822          |               | OAI221_X1 | 0.29720 | FE_OFN73_n574 |       SPEF | 0.03557 | 0.00390 | 1.84240 | 
     | U822          | C2 ^ -> ZN v  | OAI221_X1 | 0.08690 | n566          |            | 0.00212 | 0.13450 | 1.97690 | 
     | U819          |               | NOR4_X1   | 0.08690 | n566          |       SPEF | 0.00212 | 0.00010 | 1.97700 | 
     | U819          | A3 v -> ZN ^  | NOR4_X1   | 0.24960 | n563          |            | 0.00386 | 0.42300 | 2.40000 | 
     | U818          |               | NAND2_X1  | 0.24960 | n563          |       SPEF | 0.00386 | 0.00030 | 2.40030 | 
     | U818          | A2 ^ -> ZN v  | NAND2_X1  | 0.08800 | outB[9]       |            | 0.00864 | 0.15060 | 2.55090 | 
     |               |               | RegFile   | 0.08800 | outB[9]       |       SPEF | 0.00864 | 0.00090 | 2.55180 | 
     +----------------------------------------------------------------------------------------------------------------+ 
Path 6: MET Late External Delay Assertion 
Endpoint:   outB[9]     (v) checked with  leading edge of 'CLK'
Beginpoint: addressB[1] (v) triggered by  leading edge of 'CLK'
Other End Arrival Time        0.00000
- External Delay              0.80000
+ Phase Shift                 3.50000
= Required Time               2.70000
- Arrival Time                2.55160
= Slack Time                  0.14840
     Clock Rise Edge                    0.00000
     + Input Delay                      0.80000
     = Beginpoint Arrival Time          0.80000
     +---------------------------------------------------------------------------------------------------------+ 
     | Instance |      Arc      |   Cell    |  Slew   |     Net     |    Arc     |  Load   |  Delay  | Arrival | 
     |          |               |           |         |             | Annotation |         |         |  Time   | 
     |----------+---------------+-----------+---------+-------------+------------+---------+---------+---------| 
     |          | addressB[1] v |           | 1.00000 | addressB[1] |       SPEF | 0.01127 |         | 0.80000 | 
     | U1164    |               | INV_X1    | 1.00000 | addressB[1] |       SPEF | 0.01127 | 0.00080 | 0.80080 | 
     | U1164    | A v -> ZN ^   | INV_X1    | 0.20190 | n898        |            | 0.00361 | 0.36690 | 1.16770 | 
     | U1155    |               | NOR2_X1   | 0.20190 | n898        |       SPEF | 0.00361 | 0.00010 | 1.16780 | 
     | U1155    | A1 ^ -> ZN v  | NOR2_X1   | 0.22950 | n872        |            | 0.01436 | 0.13340 | 1.30120 | 
     | U1107    |               | AND2_X1   | 0.22950 | n872        |       SPEF | 0.01436 | 0.00030 | 1.30150 | 
     | U1107    | A2 v -> ZN v  | AND2_X1   | 0.07460 | n572        |            | 0.02995 | 0.30900 | 1.61050 | 
     | U821     |               | AOI22_X1  | 0.07460 | n572        |       SPEF | 0.02995 | 0.00280 | 1.61330 | 
     | U821     | B1 v -> ZN ^  | AOI22_X1  | 0.12110 | n570        |            | 0.00329 | 0.21060 | 1.82390 | 
     | U820     |               | OAI221_X1 | 0.12110 | n570        |       SPEF | 0.00329 | 0.00010 | 1.82400 | 
     | U820     | A ^ -> ZN v   | OAI221_X1 | 0.08930 | n567        |            | 0.00362 | 0.13560 | 1.95960 | 
     | U819     |               | NOR4_X1   | 0.08930 | n567        |       SPEF | 0.00362 | 0.00020 | 1.95980 | 
     | U819     | A4 v -> ZN ^  | NOR4_X1   | 0.24960 | n563        |            | 0.00386 | 0.44000 | 2.39980 | 
     | U818     |               | NAND2_X1  | 0.24960 | n563        |       SPEF | 0.00386 | 0.00030 | 2.40010 | 
     | U818     | A2 ^ -> ZN v  | NAND2_X1  | 0.08800 | outB[9]     |            | 0.00864 | 0.15060 | 2.55070 | 
     |          |               | RegFile   | 0.08800 | outB[9]     |       SPEF | 0.00864 | 0.00090 | 2.55160 | 
     +---------------------------------------------------------------------------------------------------------+ 
Path 7: MET Late External Delay Assertion 
Endpoint:   outB[9]     (v) checked with  leading edge of 'CLK'
Beginpoint: addressB[3] (v) triggered by  leading edge of 'CLK'
Other End Arrival Time        0.00000
- External Delay              0.80000
+ Phase Shift                 3.50000
= Required Time               2.70000
- Arrival Time                2.54960
= Slack Time                  0.15040
     Clock Rise Edge                    0.00000
     + Input Delay                      0.80000
     = Beginpoint Arrival Time          0.80000
     +----------------------------------------------------------------------------------------------------------------+ 
     |   Instance    |      Arc      |   Cell    |  Slew   |      Net      |    Arc     |  Load   |  Delay  | Arrival | 
     |               |               |           |         |               | Annotation |         |         |  Time   | 
     |---------------+---------------+-----------+---------+---------------+------------+---------+---------+---------| 
     |               | addressB[3] v |           | 1.00000 | addressB[3]   |       SPEF | 0.00752 |         | 0.80000 | 
     | U1173         |               | INV_X1    | 1.00000 | addressB[3]   |       SPEF | 0.00752 | 0.00050 | 0.80050 | 
     | U1173         | A v -> ZN ^   | INV_X1    | 0.18990 | n880          |            | 0.00293 | 0.34170 | 1.14220 | 
     | U1172         |               | NOR2_X1   | 0.18990 | n880          |       SPEF | 0.00293 | 0.00000 | 1.14220 | 
     | U1172         | A1 ^ -> ZN v  | NOR2_X1   | 0.15980 | n901          |            | 0.00213 | 0.05220 | 1.19440 | 
     | U1171         |               | AND2_X1   | 0.15980 | n901          |       SPEF | 0.00213 | 0.00000 | 1.19440 | 
     | U1171         | A1 v -> ZN v  | AND2_X1   | 0.06820 | n897          |            | 0.01073 | 0.20840 | 1.40280 | 
     | U1157         |               | NAND2_X1  | 0.06820 | n897          |       SPEF | 0.01073 | 0.00100 | 1.40380 | 
     | U1157         | A1 v -> ZN ^  | NAND2_X1  | 0.07460 | n602          |            | 0.00288 | 0.08410 | 1.48790 | 
     | FE_OFC70_n602 |               | BUF_X1    | 0.07460 | n602          |       SPEF | 0.00288 | 0.00000 | 1.48790 | 
     | FE_OFC70_n602 | A ^ -> Z ^    | BUF_X1    | 0.28530 | FE_OFN70_n602 |            | 0.03409 | 0.36120 | 1.84910 | 
     | U833          |               | OAI221_X1 | 0.28530 | FE_OFN70_n602 |       SPEF | 0.03409 | 0.00230 | 1.85140 | 
     | U833          | B2 ^ -> ZN v  | OAI221_X1 | 0.08710 | n589          |            | 0.00255 | 0.16430 | 2.01570 | 
     | U828          |               | NOR4_X1   | 0.08710 | n589          |       SPEF | 0.00255 | 0.00010 | 2.01580 | 
     | U828          | A2 v -> ZN ^  | NOR4_X1   | 0.25020 | n562          |            | 0.00387 | 0.38220 | 2.39800 | 
     | U818          |               | NAND2_X1  | 0.25020 | n562          |       SPEF | 0.00387 | 0.00030 | 2.39830 | 
     | U818          | A1 ^ -> ZN v  | NAND2_X1  | 0.08800 | outB[9]       |            | 0.00864 | 0.15040 | 2.54870 | 
     |               |               | RegFile   | 0.08800 | outB[9]       |       SPEF | 0.00864 | 0.00090 | 2.54960 | 
     +----------------------------------------------------------------------------------------------------------------+ 
Path 8: MET Late External Delay Assertion 
Endpoint:   outB[9]     (v) checked with  leading edge of 'CLK'
Beginpoint: addressB[2] (v) triggered by  leading edge of 'CLK'
Other End Arrival Time        0.00000
- External Delay              0.80000
+ Phase Shift                 3.50000
= Required Time               2.70000
- Arrival Time                2.54750
= Slack Time                  0.15250
     Clock Rise Edge                    0.00000
     + Input Delay                      0.80000
     = Beginpoint Arrival Time          0.80000
     +----------------------------------------------------------------------------------------------------------------+ 
     |   Instance    |      Arc      |   Cell    |  Slew   |      Net      |    Arc     |  Load   |  Delay  | Arrival | 
     |               |               |           |         |               | Annotation |         |         |  Time   | 
     |---------------+---------------+-----------+---------+---------------+------------+---------+---------+---------| 
     |               | addressB[2] v |           | 1.00000 | addressB[2]   |       SPEF | 0.00932 |         | 0.80000 | 
     | U1170         |               | INV_X1    | 1.00000 | addressB[2]   |       SPEF | 0.00932 | 0.00060 | 0.80060 | 
     | U1170         | A v -> ZN ^   | INV_X1    | 0.22310 | n900          |            | 0.00512 | 0.41290 | 1.21350 | 
     | U1169         |               | NOR2_X2   | 0.22310 | n900          |       SPEF | 0.00512 | 0.00010 | 1.21360 | 
     | U1169         | A1 ^ -> ZN v  | NOR2_X2   | 0.21380 | n877          |            | 0.02130 | 0.11860 | 1.33220 | 
     | U1148         |               | NAND2_X1  | 0.21380 | n877          |       SPEF | 0.02130 | 0.00110 | 1.33330 | 
     | U1148         | A2 v -> ZN ^  | NAND2_X1  | 0.06250 | n597          |            | 0.00126 | 0.13750 | 1.47080 | 
     | FE_OFC60_n597 |               | BUF_X1    | 0.06250 | n597          |       SPEF | 0.00126 | 0.00000 | 1.47080 | 
     | FE_OFC60_n597 | A ^ -> Z ^    | BUF_X1    | 0.28320 | FE_OFN60_n597 |            | 0.03384 | 0.35460 | 1.82540 | 
     | U831          |               | OAI221_X1 | 0.28320 | FE_OFN60_n597 |       SPEF | 0.03384 | 0.00210 | 1.82750 | 
     | U831          | B2 ^ -> ZN v  | OAI221_X1 | 0.08410 | n590          |            | 0.00222 | 0.14580 | 1.97330 | 
     | U828          |               | NOR4_X1   | 0.08410 | n590          |       SPEF | 0.00222 | 0.00010 | 1.97340 | 
     | U828          | A3 v -> ZN ^  | NOR4_X1   | 0.25020 | n562          |            | 0.00387 | 0.42250 | 2.39590 | 
     | U818          |               | NAND2_X1  | 0.25020 | n562          |       SPEF | 0.00387 | 0.00030 | 2.39620 | 
     | U818          | A1 ^ -> ZN v  | NAND2_X1  | 0.08800 | outB[9]       |            | 0.00864 | 0.15040 | 2.54660 | 
     |               |               | RegFile   | 0.08800 | outB[9]       |       SPEF | 0.00864 | 0.00090 | 2.54750 | 
     +----------------------------------------------------------------------------------------------------------------+ 
Path 9: MET Late External Delay Assertion 
Endpoint:   outB[9]     (v) checked with  leading edge of 'CLK'
Beginpoint: addressB[4] (v) triggered by  leading edge of 'CLK'
Other End Arrival Time        0.00000
- External Delay              0.80000
+ Phase Shift                 3.50000
= Required Time               2.70000
- Arrival Time                2.54690
= Slack Time                  0.15310
     Clock Rise Edge                    0.00000
     + Input Delay                      0.80000
     = Beginpoint Arrival Time          0.80000
     +----------------------------------------------------------------------------------------------------------------+ 
     |   Instance    |      Arc      |   Cell    |  Slew   |      Net      |    Arc     |  Load   |  Delay  | Arrival | 
     |               |               |           |         |               | Annotation |         |         |  Time   | 
     |---------------+---------------+-----------+---------+---------------+------------+---------+---------+---------| 
     |               | addressB[4] v |           | 1.00000 | addressB[4]   |       SPEF | 0.00922 |         | 0.80000 | 
     | U1119         |               | AND2_X1   | 1.00000 | addressB[4]   |       SPEF | 0.00922 | 0.00070 | 0.80070 | 
     | U1119         | A1 v -> ZN v  | AND2_X1   | 0.05870 | n878          |            | 0.00204 | 0.45410 | 1.25480 | 
     | U1116         |               | AND2_X1   | 0.05870 | n878          |       SPEF | 0.00204 | 0.00000 | 1.25480 | 
     | U1116         | A1 v -> ZN v  | AND2_X1   | 0.03550 | n871          |            | 0.00909 | 0.14560 | 1.40040 | 
     | U1109         |               | NAND2_X1  | 0.03550 | n871          |       SPEF | 0.00909 | 0.00020 | 1.40060 | 
     | U1109         | A1 v -> ZN ^  | NAND2_X1  | 0.06140 | n569          |            | 0.00116 | 0.05060 | 1.45120 | 
     | FE_OFC75_n569 |               | BUF_X1    | 0.06140 | n569          |       SPEF | 0.00116 | 0.00000 | 1.45120 | 
     | FE_OFC75_n569 | A ^ -> Z ^    | BUF_X1    | 0.26290 | FE_OFN75_n569 |            | 0.03132 | 0.33300 | 1.78420 | 
     | U820          |               | OAI221_X1 | 0.26290 | FE_OFN75_n569 |       SPEF | 0.03132 | 0.00270 | 1.78690 | 
     | U820          | C2 ^ -> ZN v  | OAI221_X1 | 0.08930 | n567          |            | 0.00362 | 0.16800 | 1.95490 | 
     | U819          |               | NOR4_X1   | 0.08930 | n567          |       SPEF | 0.00362 | 0.00020 | 1.95510 | 
     | U819          | A4 v -> ZN ^  | NOR4_X1   | 0.24960 | n563          |            | 0.00386 | 0.44000 | 2.39510 | 
     | U818          |               | NAND2_X1  | 0.24960 | n563          |       SPEF | 0.00386 | 0.00030 | 2.39540 | 
     | U818          | A2 ^ -> ZN v  | NAND2_X1  | 0.08800 | outB[9]       |            | 0.00864 | 0.15060 | 2.54600 | 
     |               |               | RegFile   | 0.08800 | outB[9]       |       SPEF | 0.00864 | 0.00090 | 2.54690 | 
     +----------------------------------------------------------------------------------------------------------------+ 
Path 10: MET Late External Delay Assertion 
Endpoint:   outB[9]     (v) checked with  leading edge of 'CLK'
Beginpoint: addressB[2] (v) triggered by  leading edge of 'CLK'
Other End Arrival Time        0.00000
- External Delay              0.80000
+ Phase Shift                 3.50000
= Required Time               2.70000
- Arrival Time                2.54630
= Slack Time                  0.15370
     Clock Rise Edge                    0.00000
     + Input Delay                      0.80000
     = Beginpoint Arrival Time          0.80000
     +----------------------------------------------------------------------------------------------------------------+ 
     |   Instance    |      Arc      |   Cell    |  Slew   |      Net      |    Arc     |  Load   |  Delay  | Arrival | 
     |               |               |           |         |               | Annotation |         |         |  Time   | 
     |---------------+---------------+-----------+---------+---------------+------------+---------+---------+---------| 
     |               | addressB[2] v |           | 1.00000 | addressB[2]   |       SPEF | 0.00932 |         | 0.80000 | 
     | U1170         |               | INV_X1    | 1.00000 | addressB[2]   |       SPEF | 0.00932 | 0.00060 | 0.80060 | 
     | U1170         | A v -> ZN ^   | INV_X1    | 0.22310 | n900          |            | 0.00512 | 0.41290 | 1.21350 | 
     | U1169         |               | NOR2_X2   | 0.22310 | n900          |       SPEF | 0.00512 | 0.00010 | 1.21360 | 
     | U1169         | A1 ^ -> ZN v  | NOR2_X2   | 0.21380 | n877          |            | 0.02130 | 0.11860 | 1.33220 | 
     | U1146         |               | NAND2_X1  | 0.21380 | n877          |       SPEF | 0.02130 | 0.00110 | 1.33330 | 
     | U1146         | A2 v -> ZN ^  | NAND2_X1  | 0.06070 | n598          |            | 0.00105 | 0.13400 | 1.46730 | 
     | FE_OFC61_n598 |               | BUF_X1    | 0.06070 | n598          |       SPEF | 0.00105 | 0.00000 | 1.46730 | 
     | FE_OFC61_n598 | A ^ -> Z ^    | BUF_X1    | 0.27850 | FE_OFN61_n598 |            | 0.03325 | 0.34900 | 1.81630 | 
     | U831          |               | OAI221_X1 | 0.27850 | FE_OFN61_n598 |       SPEF | 0.03325 | 0.00260 | 1.81890 | 
     | U831          | C2 ^ -> ZN v  | OAI221_X1 | 0.08410 | n590          |            | 0.00222 | 0.15320 | 1.97210 | 
     | U828          |               | NOR4_X1   | 0.08410 | n590          |       SPEF | 0.00222 | 0.00010 | 1.97220 | 
     | U828          | A3 v -> ZN ^  | NOR4_X1   | 0.25020 | n562          |            | 0.00387 | 0.42250 | 2.39470 | 
     | U818          |               | NAND2_X1  | 0.25020 | n562          |       SPEF | 0.00387 | 0.00030 | 2.39500 | 
     | U818          | A1 ^ -> ZN v  | NAND2_X1  | 0.08800 | outB[9]       |            | 0.00864 | 0.15040 | 2.54540 | 
     |               |               | RegFile   | 0.08800 | outB[9]       |       SPEF | 0.00864 | 0.00090 | 2.54630 | 
     +----------------------------------------------------------------------------------------------------------------+ 

