###############################################################
#  Generated by:      Cadence Encounter 09.10-p004_1
#  OS:                Linux i686(Host ID esl2-5)
#  Generated on:      Thu Nov 21 11:16:33 2013
#  Command:           report_timing -net -format {instance arc cell slew net...
###############################################################
Path 1: MET Late External Delay Assertion 
Endpoint:   outB[9]     (v) checked with  leading edge of 'CLK'
Beginpoint: addressB[4] (v) triggered by  leading edge of 'CLK'
Other End Arrival Time        0.00000
- External Delay              0.80000
+ Phase Shift                 3.50000
= Required Time               2.70000
- Arrival Time                2.55380
= Slack Time                  0.14620
     Clock Rise Edge                    0.00000
     + Input Delay                      0.80000
     = Beginpoint Arrival Time          0.80000
     +----------------------------------------------------------------------------------------------------------------+ 
     |   Instance    |      Arc      |   Cell    |  Slew   |      Net      |    Arc     |  Load   |  Delay  | Arrival | 
     |               |               |           |         |               | Annotation |         |         |  Time   | 
     |---------------+---------------+-----------+---------+---------------+------------+---------+---------+---------| 
     |               | addressB[4] v |           | 1.00000 | addressB[4]   |       SPEF | 0.00810 |         | 0.80000 | 
     | U1119         |               | AND2_X1   | 1.00000 | addressB[4]   |       SPEF | 0.00810 | 0.00080 | 0.80080 | 
     | U1119         | A1 v -> ZN v  | AND2_X1   | 0.05850 | n878          |            | 0.00195 | 0.45310 | 1.25390 | 
     | U1116         |               | AND2_X1   | 0.05850 | n878          |       SPEF | 0.00195 | 0.00000 | 1.25390 | 
     | U1116         | A1 v -> ZN v  | AND2_X1   | 0.03420 | n871          |            | 0.00840 | 0.14340 | 1.39730 | 
     | U1109         |               | NAND2_X1  | 0.03420 | n871          |       SPEF | 0.00840 | 0.00010 | 1.39740 | 
     | U1109         | A1 v -> ZN ^  | NAND2_X1  | 0.06010 | n569          |            | 0.00105 | 0.04880 | 1.44620 | 
     | FE_OFC75_n569 |               | BUF_X1    | 0.06010 | n569          |       SPEF | 0.00105 | 0.00000 | 1.44620 | 
     | FE_OFC75_n569 | A ^ -> Z ^    | BUF_X1    | 0.25800 | FE_OFN75_n569 |            | 0.03072 | 0.32740 | 1.77360 | 
     | U820          |               | OAI221_X1 | 0.25800 | FE_OFN75_n569 |       SPEF | 0.03072 | 0.00300 | 1.77660 | 
     | U820          | C2 ^ -> ZN v  | OAI221_X1 | 0.08870 | n567          |            | 0.00369 | 0.16780 | 1.94440 | 
     | U819          |               | NOR4_X1   | 0.08870 | n567          |       SPEF | 0.00369 | 0.00020 | 1.94460 | 
     | U819          | A4 v -> ZN ^  | NOR4_X1   | 0.25910 | n563          |            | 0.00411 | 0.45070 | 2.39530 | 
     | U818          |               | NAND2_X1  | 0.25910 | n563          |       SPEF | 0.00411 | 0.00030 | 2.39560 | 
     | U818          | A2 ^ -> ZN v  | NAND2_X1  | 0.08390 | outB[9]       |            | 0.00922 | 0.15710 | 2.55270 | 
     |               |               | RegFile   | 0.08390 | outB[9]       |       SPEF | 0.00922 | 0.00110 | 2.55380 | 
     +----------------------------------------------------------------------------------------------------------------+ 
Path 2: MET Late External Delay Assertion 
Endpoint:   outB[9]     (v) checked with  leading edge of 'CLK'
Beginpoint: addressB[2] (v) triggered by  leading edge of 'CLK'
Other End Arrival Time        0.00000
- External Delay              0.80000
+ Phase Shift                 3.50000
= Required Time               2.70000
- Arrival Time                2.54760
= Slack Time                  0.15240
     Clock Rise Edge                    0.00000
     + Input Delay                      0.80000
     = Beginpoint Arrival Time          0.80000
     +----------------------------------------------------------------------------------------------------------------+ 
     |   Instance    |      Arc      |   Cell    |  Slew   |      Net      |    Arc     |  Load   |  Delay  | Arrival | 
     |               |               |           |         |               | Annotation |         |         |  Time   | 
     |---------------+---------------+-----------+---------+---------------+------------+---------+---------+---------| 
     |               | addressB[2] v |           | 1.00000 | addressB[2]   |       SPEF | 0.00959 |         | 0.80000 | 
     | U1170         |               | INV_X1    | 1.00000 | addressB[2]   |       SPEF | 0.00959 | 0.00080 | 0.80080 | 
     | U1170         | A v -> ZN ^   | INV_X1    | 0.22260 | n900          |            | 0.00509 | 0.41180 | 1.21260 | 
     | U1169         |               | NOR2_X2   | 0.22260 | n900          |       SPEF | 0.00509 | 0.00010 | 1.21270 | 
     | U1169         | A1 ^ -> ZN v  | NOR2_X2   | 0.20820 | n877          |            | 0.01881 | 0.11120 | 1.32390 | 
     | U1115         |               | NAND2_X1  | 0.20820 | n877          |       SPEF | 0.01881 | 0.00120 | 1.32510 | 
     | U1115         | A2 v -> ZN ^  | NAND2_X1  | 0.06050 | n574          |            | 0.00113 | 0.13360 | 1.45870 | 
     | FE_OFC73_n574 |               | BUF_X1    | 0.06050 | n574          |       SPEF | 0.00113 | 0.00000 | 1.45870 | 
     | FE_OFC73_n574 | A ^ -> Z ^    | BUF_X1    | 0.27680 | FE_OFN73_n574 |            | 0.03305 | 0.34720 | 1.80590 | 
     | U822          |               | OAI221_X1 | 0.27680 | FE_OFN73_n574 |       SPEF | 0.03305 | 0.00260 | 1.80850 | 
     | U822          | C2 ^ -> ZN v  | OAI221_X1 | 0.08190 | n566          |            | 0.00193 | 0.14880 | 1.95730 | 
     | U819          |               | NOR4_X1   | 0.08190 | n566          |       SPEF | 0.00193 | 0.00010 | 1.95740 | 
     | U819          | A3 v -> ZN ^  | NOR4_X1   | 0.25910 | n563          |            | 0.00411 | 0.43170 | 2.38910 | 
     | U818          |               | NAND2_X1  | 0.25910 | n563          |       SPEF | 0.00411 | 0.00030 | 2.38940 | 
     | U818          | A2 ^ -> ZN v  | NAND2_X1  | 0.08390 | outB[9]       |            | 0.00922 | 0.15710 | 2.54650 | 
     |               |               | RegFile   | 0.08390 | outB[9]       |       SPEF | 0.00922 | 0.00110 | 2.54760 | 
     +----------------------------------------------------------------------------------------------------------------+ 
Path 3: MET Late External Delay Assertion 
Endpoint:   outB[9]     (v) checked with  leading edge of 'CLK'
Beginpoint: addressB[1] (v) triggered by  leading edge of 'CLK'
Other End Arrival Time        0.00000
- External Delay              0.80000
+ Phase Shift                 3.50000
= Required Time               2.70000
- Arrival Time                2.54330
= Slack Time                  0.15670
     Clock Rise Edge                    0.00000
     + Input Delay                      0.80000
     = Beginpoint Arrival Time          0.80000
     +---------------------------------------------------------------------------------------------------------+ 
     | Instance |      Arc      |   Cell    |  Slew   |     Net     |    Arc     |  Load   |  Delay  | Arrival | 
     |          |               |           |         |             | Annotation |         |         |  Time   | 
     |----------+---------------+-----------+---------+-------------+------------+---------+---------+---------| 
     |          | addressB[1] v |           | 1.00000 | addressB[1] |       SPEF | 0.01121 |         | 0.80000 | 
     | U1164    |               | INV_X1    | 1.00000 | addressB[1] |       SPEF | 0.01121 | 0.00080 | 0.80080 | 
     | U1164    | A v -> ZN ^   | INV_X1    | 0.19950 | n898        |            | 0.00347 | 0.36180 | 1.16260 | 
     | U1155    |               | NOR2_X1   | 0.19950 | n898        |       SPEF | 0.00347 | 0.00000 | 1.16260 | 
     | U1155    | A1 ^ -> ZN v  | NOR2_X1   | 0.22610 | n872        |            | 0.01327 | 0.12860 | 1.29120 | 
     | U1107    |               | AND2_X1   | 0.22610 | n872        |       SPEF | 0.01327 | 0.00010 | 1.29130 | 
     | U1107    | A2 v -> ZN v  | AND2_X1   | 0.07310 | n572        |            | 0.02916 | 0.30530 | 1.59660 | 
     | U821     |               | AOI22_X1  | 0.07310 | n572        |       SPEF | 0.02916 | 0.00410 | 1.60070 | 
     | U821     | B1 v -> ZN ^  | AOI22_X1  | 0.11240 | n570        |            | 0.00282 | 0.20030 | 1.80100 | 
     | U820     |               | OAI221_X1 | 0.11240 | n570        |       SPEF | 0.00282 | 0.00010 | 1.80110 | 
     | U820     | A ^ -> ZN v   | OAI221_X1 | 0.08870 | n567        |            | 0.00369 | 0.13280 | 1.93390 | 
     | U819     |               | NOR4_X1   | 0.08870 | n567        |       SPEF | 0.00369 | 0.00020 | 1.93410 | 
     | U819     | A4 v -> ZN ^  | NOR4_X1   | 0.25910 | n563        |            | 0.00411 | 0.45070 | 2.38480 | 
     | U818     |               | NAND2_X1  | 0.25910 | n563        |       SPEF | 0.00411 | 0.00030 | 2.38510 | 
     | U818     | A2 ^ -> ZN v  | NAND2_X1  | 0.08390 | outB[9]     |            | 0.00922 | 0.15710 | 2.54220 | 
     |          |               | RegFile   | 0.08390 | outB[9]     |       SPEF | 0.00922 | 0.00110 | 2.54330 | 
     +---------------------------------------------------------------------------------------------------------+ 
Path 4: MET Late External Delay Assertion 
Endpoint:   outB[9]     (v) checked with  leading edge of 'CLK'
Beginpoint: addressB[4] (v) triggered by  leading edge of 'CLK'
Other End Arrival Time        0.00000
- External Delay              0.80000
+ Phase Shift                 3.50000
= Required Time               2.70000
- Arrival Time                2.53630
= Slack Time                  0.16370
     Clock Rise Edge                    0.00000
     + Input Delay                      0.80000
     = Beginpoint Arrival Time          0.80000
     +----------------------------------------------------------------------------------------------------------------+ 
     |   Instance    |      Arc      |   Cell    |  Slew   |      Net      |    Arc     |  Load   |  Delay  | Arrival | 
     |               |               |           |         |               | Annotation |         |         |  Time   | 
     |---------------+---------------+-----------+---------+---------------+------------+---------+---------+---------| 
     |               | addressB[4] v |           | 1.00000 | addressB[4]   |       SPEF | 0.00810 |         | 0.80000 | 
     | U1119         |               | AND2_X1   | 1.00000 | addressB[4]   |       SPEF | 0.00810 | 0.00080 | 0.80080 | 
     | U1119         | A1 v -> ZN v  | AND2_X1   | 0.05850 | n878          |            | 0.00195 | 0.45310 | 1.25390 | 
     | U1116         |               | AND2_X1   | 0.05850 | n878          |       SPEF | 0.00195 | 0.00000 | 1.25390 | 
     | U1116         | A1 v -> ZN v  | AND2_X1   | 0.03420 | n871          |            | 0.00840 | 0.14340 | 1.39730 | 
     | U1109         |               | NAND2_X1  | 0.03420 | n871          |       SPEF | 0.00840 | 0.00010 | 1.39740 | 
     | U1109         | A1 v -> ZN ^  | NAND2_X1  | 0.06010 | n569          |            | 0.00105 | 0.04880 | 1.44620 | 
     | FE_OFC75_n569 |               | BUF_X1    | 0.06010 | n569          |       SPEF | 0.00105 | 0.00000 | 1.44620 | 
     | FE_OFC75_n569 | A ^ -> Z ^    | BUF_X1    | 0.25800 | FE_OFN75_n569 |            | 0.03072 | 0.32740 | 1.77360 | 
     | U820          |               | OAI221_X1 | 0.25800 | FE_OFN75_n569 |       SPEF | 0.03072 | 0.00300 | 1.77660 | 
     | U820          | C2 ^ -> ZN v  | OAI221_X1 | 0.08870 | n567          |            | 0.00369 | 0.15030 | 1.92690 | 
     | U819          |               | NOR4_X1   | 0.08870 | n567          |       SPEF | 0.00369 | 0.00020 | 1.92710 | 
     | U819          | A4 v -> ZN ^  | NOR4_X1   | 0.25910 | n563          |            | 0.00411 | 0.45070 | 2.37780 | 
     | U818          |               | NAND2_X1  | 0.25910 | n563          |       SPEF | 0.00411 | 0.00030 | 2.37810 | 
     | U818          | A2 ^ -> ZN v  | NAND2_X1  | 0.08390 | outB[9]       |            | 0.00922 | 0.15710 | 2.53520 | 
     |               |               | RegFile   | 0.08390 | outB[9]       |       SPEF | 0.00922 | 0.00110 | 2.53630 | 
     +----------------------------------------------------------------------------------------------------------------+ 
Path 5: MET Late External Delay Assertion 
Endpoint:   outB[9]     (v) checked with  leading edge of 'CLK'
Beginpoint: addressB[4] (v) triggered by  leading edge of 'CLK'
Other End Arrival Time        0.00000
- External Delay              0.80000
+ Phase Shift                 3.50000
= Required Time               2.70000
- Arrival Time                2.53610
= Slack Time                  0.16390
     Clock Rise Edge                    0.00000
     + Input Delay                      0.80000
     = Beginpoint Arrival Time          0.80000
     +----------------------------------------------------------------------------------------------------------------+ 
     |   Instance    |      Arc      |   Cell    |  Slew   |      Net      |    Arc     |  Load   |  Delay  | Arrival | 
     |               |               |           |         |               | Annotation |         |         |  Time   | 
     |---------------+---------------+-----------+---------+---------------+------------+---------+---------+---------| 
     |               | addressB[4] v |           | 1.00000 | addressB[4]   |       SPEF | 0.00810 |         | 0.80000 | 
     | U1119         |               | AND2_X1   | 1.00000 | addressB[4]   |       SPEF | 0.00810 | 0.00080 | 0.80080 | 
     | U1119         | A1 v -> ZN v  | AND2_X1   | 0.05850 | n878          |            | 0.00195 | 0.45310 | 1.25390 | 
     | U1116         |               | AND2_X1   | 0.05850 | n878          |       SPEF | 0.00195 | 0.00000 | 1.25390 | 
     | U1116         | A1 v -> ZN v  | AND2_X1   | 0.03420 | n871          |            | 0.00840 | 0.14340 | 1.39730 | 
     | U1115         |               | NAND2_X1  | 0.03420 | n871          |       SPEF | 0.00840 | 0.00040 | 1.39770 | 
     | U1115         | A1 v -> ZN ^  | NAND2_X1  | 0.06050 | n574          |            | 0.00113 | 0.04950 | 1.44720 | 
     | FE_OFC73_n574 |               | BUF_X1    | 0.06050 | n574          |       SPEF | 0.00113 | 0.00000 | 1.44720 | 
     | FE_OFC73_n574 | A ^ -> Z ^    | BUF_X1    | 0.27680 | FE_OFN73_n574 |            | 0.03305 | 0.34720 | 1.79440 | 
     | U822          |               | OAI221_X1 | 0.27680 | FE_OFN73_n574 |       SPEF | 0.03305 | 0.00260 | 1.79700 | 
     | U822          | C2 ^ -> ZN v  | OAI221_X1 | 0.08190 | n566          |            | 0.00193 | 0.14880 | 1.94580 | 
     | U819          |               | NOR4_X1   | 0.08190 | n566          |       SPEF | 0.00193 | 0.00010 | 1.94590 | 
     | U819          | A3 v -> ZN ^  | NOR4_X1   | 0.25910 | n563          |            | 0.00411 | 0.43170 | 2.37760 | 
     | U818          |               | NAND2_X1  | 0.25910 | n563          |       SPEF | 0.00411 | 0.00030 | 2.37790 | 
     | U818          | A2 ^ -> ZN v  | NAND2_X1  | 0.08390 | outB[9]       |            | 0.00922 | 0.15710 | 2.53500 | 
     |               |               | RegFile   | 0.08390 | outB[9]       |       SPEF | 0.00922 | 0.00110 | 2.53610 | 
     +----------------------------------------------------------------------------------------------------------------+ 
Path 6: MET Late External Delay Assertion 
Endpoint:   outB[9]     (v) checked with  leading edge of 'CLK'
Beginpoint: addressB[1] (v) triggered by  leading edge of 'CLK'
Other End Arrival Time        0.00000
- External Delay              0.80000
+ Phase Shift                 3.50000
= Required Time               2.70000
- Arrival Time                2.53250
= Slack Time                  0.16750
     Clock Rise Edge                    0.00000
     + Input Delay                      0.80000
     = Beginpoint Arrival Time          0.80000
     +---------------------------------------------------------------------------------------------------------+ 
     | Instance |      Arc      |   Cell    |  Slew   |     Net     |    Arc     |  Load   |  Delay  | Arrival | 
     |          |               |           |         |             | Annotation |         |         |  Time   | 
     |----------+---------------+-----------+---------+-------------+------------+---------+---------+---------| 
     |          | addressB[1] v |           | 1.00000 | addressB[1] |       SPEF | 0.01121 |         | 0.80000 | 
     | U1164    |               | INV_X1    | 1.00000 | addressB[1] |       SPEF | 0.01121 | 0.00080 | 0.80080 | 
     | U1164    | A v -> ZN ^   | INV_X1    | 0.19950 | n898        |            | 0.00347 | 0.36180 | 1.16260 | 
     | U1155    |               | NOR2_X1   | 0.19950 | n898        |       SPEF | 0.00347 | 0.00000 | 1.16260 | 
     | U1155    | A1 ^ -> ZN v  | NOR2_X1   | 0.22610 | n872        |            | 0.01327 | 0.12860 | 1.29120 | 
     | U1107    |               | AND2_X1   | 0.22610 | n872        |       SPEF | 0.01327 | 0.00010 | 1.29130 | 
     | U1107    | A2 v -> ZN v  | AND2_X1   | 0.07310 | n572        |            | 0.02916 | 0.30530 | 1.59660 | 
     | U821     |               | AOI22_X1  | 0.07310 | n572        |       SPEF | 0.02916 | 0.00410 | 1.60070 | 
     | U821     | B1 v -> ZN ^  | AOI22_X1  | 0.11240 | n570        |            | 0.00282 | 0.20030 | 1.80100 | 
     | U820     |               | OAI221_X1 | 0.11240 | n570        |       SPEF | 0.00282 | 0.00010 | 1.80110 | 
     | U820     | A ^ -> ZN v   | OAI221_X1 | 0.08870 | n567        |            | 0.00369 | 0.12200 | 1.92310 | 
     | U819     |               | NOR4_X1   | 0.08870 | n567        |       SPEF | 0.00369 | 0.00020 | 1.92330 | 
     | U819     | A4 v -> ZN ^  | NOR4_X1   | 0.25910 | n563        |            | 0.00411 | 0.45070 | 2.37400 | 
     | U818     |               | NAND2_X1  | 0.25910 | n563        |       SPEF | 0.00411 | 0.00030 | 2.37430 | 
     | U818     | A2 ^ -> ZN v  | NAND2_X1  | 0.08390 | outB[9]     |            | 0.00922 | 0.15710 | 2.53140 | 
     |          |               | RegFile   | 0.08390 | outB[9]     |       SPEF | 0.00922 | 0.00110 | 2.53250 | 
     +---------------------------------------------------------------------------------------------------------+ 
Path 7: MET Late External Delay Assertion 
Endpoint:   outB[9]     (v) checked with  leading edge of 'CLK'
Beginpoint: addressB[1] (v) triggered by  leading edge of 'CLK'
Other End Arrival Time        0.00000
- External Delay              0.80000
+ Phase Shift                 3.50000
= Required Time               2.70000
- Arrival Time                2.53250
= Slack Time                  0.16750
     Clock Rise Edge                    0.00000
     + Input Delay                      0.80000
     = Beginpoint Arrival Time          0.80000
     +---------------------------------------------------------------------------------------------------------+ 
     | Instance |      Arc      |   Cell    |  Slew   |     Net     |    Arc     |  Load   |  Delay  | Arrival | 
     |          |               |           |         |             | Annotation |         |         |  Time   | 
     |----------+---------------+-----------+---------+-------------+------------+---------+---------+---------| 
     |          | addressB[1] v |           | 1.00000 | addressB[1] |       SPEF | 0.01121 |         | 0.80000 | 
     | U1164    |               | INV_X1    | 1.00000 | addressB[1] |       SPEF | 0.01121 | 0.00080 | 0.80080 | 
     | U1164    | A v -> ZN ^   | INV_X1    | 0.19950 | n898        |            | 0.00347 | 0.36180 | 1.16260 | 
     | U1155    |               | NOR2_X1   | 0.19950 | n898        |       SPEF | 0.00347 | 0.00000 | 1.16260 | 
     | U1155    | A1 ^ -> ZN v  | NOR2_X1   | 0.22610 | n872        |            | 0.01327 | 0.12860 | 1.29120 | 
     | U1107    |               | AND2_X1   | 0.22610 | n872        |       SPEF | 0.01327 | 0.00010 | 1.29130 | 
     | U1107    | A2 v -> ZN v  | AND2_X1   | 0.07310 | n572        |            | 0.02916 | 0.30530 | 1.59660 | 
     | U821     |               | AOI22_X1  | 0.07310 | n572        |       SPEF | 0.02916 | 0.00410 | 1.60070 | 
     | U821     | B1 v -> ZN ^  | AOI22_X1  | 0.11240 | n570        |            | 0.00282 | 0.20030 | 1.80100 | 
     | U820     |               | OAI221_X1 | 0.11240 | n570        |       SPEF | 0.00282 | 0.00010 | 1.80110 | 
     | U820     | A ^ -> ZN v   | OAI221_X1 | 0.08870 | n567        |            | 0.00369 | 0.12200 | 1.92310 | 
     | U819     |               | NOR4_X1   | 0.08870 | n567        |       SPEF | 0.00369 | 0.00020 | 1.92330 | 
     | U819     | A4 v -> ZN ^  | NOR4_X1   | 0.25910 | n563        |            | 0.00411 | 0.45070 | 2.37400 | 
     | U818     |               | NAND2_X1  | 0.25910 | n563        |       SPEF | 0.00411 | 0.00030 | 2.37430 | 
     | U818     | A2 ^ -> ZN v  | NAND2_X1  | 0.08390 | outB[9]     |            | 0.00922 | 0.15710 | 2.53140 | 
     |          |               | RegFile   | 0.08390 | outB[9]     |       SPEF | 0.00922 | 0.00110 | 2.53250 | 
     +---------------------------------------------------------------------------------------------------------+ 
Path 8: MET Late External Delay Assertion 
Endpoint:   outB[9]     (v) checked with  leading edge of 'CLK'
Beginpoint: addressB[4] (v) triggered by  leading edge of 'CLK'
Other End Arrival Time        0.00000
- External Delay              0.80000
+ Phase Shift                 3.50000
= Required Time               2.70000
- Arrival Time                2.52930
= Slack Time                  0.17070
     Clock Rise Edge                    0.00000
     + Input Delay                      0.80000
     = Beginpoint Arrival Time          0.80000
     +---------------------------------------------------------------------------------------------------------+ 
     | Instance |      Arc      |   Cell    |  Slew   |     Net     |    Arc     |  Load   |  Delay  | Arrival | 
     |          |               |           |         |             | Annotation |         |         |  Time   | 
     |----------+---------------+-----------+---------+-------------+------------+---------+---------+---------| 
     |          | addressB[4] v |           | 1.00000 | addressB[4] |       SPEF | 0.00810 |         | 0.80000 | 
     | U1119    |               | AND2_X1   | 1.00000 | addressB[4] |       SPEF | 0.00810 | 0.00080 | 0.80080 | 
     | U1119    | A1 v -> ZN v  | AND2_X1   | 0.05850 | n878        |            | 0.00195 | 0.45310 | 1.25390 | 
     | U1116    |               | AND2_X1   | 0.05850 | n878        |       SPEF | 0.00195 | 0.00000 | 1.25390 | 
     | U1116    | A1 v -> ZN v  | AND2_X1   | 0.03420 | n871        |            | 0.00840 | 0.14340 | 1.39730 | 
     | U1107    |               | AND2_X1   | 0.03420 | n871        |       SPEF | 0.00840 | 0.00020 | 1.39750 | 
     | U1107    | A1 v -> ZN v  | AND2_X1   | 0.07310 | n572        |            | 0.02916 | 0.18510 | 1.58260 | 
     | U821     |               | AOI22_X1  | 0.07310 | n572        |       SPEF | 0.02916 | 0.00410 | 1.58670 | 
     | U821     | B1 v -> ZN ^  | AOI22_X1  | 0.11240 | n570        |            | 0.00282 | 0.20030 | 1.78700 | 
     | U820     |               | OAI221_X1 | 0.11240 | n570        |       SPEF | 0.00282 | 0.00010 | 1.78710 | 
     | U820     | A ^ -> ZN v   | OAI221_X1 | 0.08870 | n567        |            | 0.00369 | 0.13280 | 1.91990 | 
     | U819     |               | NOR4_X1   | 0.08870 | n567        |       SPEF | 0.00369 | 0.00020 | 1.92010 | 
     | U819     | A4 v -> ZN ^  | NOR4_X1   | 0.25910 | n563        |            | 0.00411 | 0.45070 | 2.37080 | 
     | U818     |               | NAND2_X1  | 0.25910 | n563        |       SPEF | 0.00411 | 0.00030 | 2.37110 | 
     | U818     | A2 ^ -> ZN v  | NAND2_X1  | 0.08390 | outB[9]     |            | 0.00922 | 0.15710 | 2.52820 | 
     |          |               | RegFile   | 0.08390 | outB[9]     |       SPEF | 0.00922 | 0.00110 | 2.52930 | 
     +---------------------------------------------------------------------------------------------------------+ 
Path 9: MET Late External Delay Assertion 
Endpoint:   outB[9]     (v) checked with  leading edge of 'CLK'
Beginpoint: addressB[1] (v) triggered by  leading edge of 'CLK'
Other End Arrival Time        0.00000
- External Delay              0.80000
+ Phase Shift                 3.50000
= Required Time               2.70000
- Arrival Time                2.52800
= Slack Time                  0.17200
     Clock Rise Edge                    0.00000
     + Input Delay                      0.80000
     = Beginpoint Arrival Time          0.80000
     +---------------------------------------------------------------------------------------------------------+ 
     | Instance |      Arc      |   Cell    |  Slew   |     Net     |    Arc     |  Load   |  Delay  | Arrival | 
     |          |               |           |         |             | Annotation |         |         |  Time   | 
     |----------+---------------+-----------+---------+-------------+------------+---------+---------+---------| 
     |          | addressB[1] v |           | 1.00000 | addressB[1] |       SPEF | 0.01121 |         | 0.80000 | 
     | U1164    |               | INV_X1    | 1.00000 | addressB[1] |       SPEF | 0.01121 | 0.00080 | 0.80080 | 
     | U1164    | A v -> ZN ^   | INV_X1    | 0.19950 | n898        |            | 0.00347 | 0.36180 | 1.16260 | 
     | U1155    |               | NOR2_X1   | 0.19950 | n898        |       SPEF | 0.00347 | 0.00000 | 1.16260 | 
     | U1155    | A1 ^ -> ZN v  | NOR2_X1   | 0.22610 | n872        |            | 0.01327 | 0.12860 | 1.29120 | 
     | U1107    |               | AND2_X1   | 0.22610 | n872        |       SPEF | 0.01327 | 0.00010 | 1.29130 | 
     | U1107    | A2 v -> ZN v  | AND2_X1   | 0.07310 | n572        |            | 0.02916 | 0.30530 | 1.59660 | 
     | U821     |               | AOI22_X1  | 0.07310 | n572        |       SPEF | 0.02916 | 0.00410 | 1.60070 | 
     | U821     | B1 v -> ZN ^  | AOI22_X1  | 0.11240 | n570        |            | 0.00282 | 0.20030 | 1.80100 | 
     | U820     |               | OAI221_X1 | 0.11240 | n570        |       SPEF | 0.00282 | 0.00010 | 1.80110 | 
     | U820     | A ^ -> ZN v   | OAI221_X1 | 0.08870 | n567        |            | 0.00369 | 0.11750 | 1.91860 | 
     | U819     |               | NOR4_X1   | 0.08870 | n567        |       SPEF | 0.00369 | 0.00020 | 1.91880 | 
     | U819     | A4 v -> ZN ^  | NOR4_X1   | 0.25910 | n563        |            | 0.00411 | 0.45070 | 2.36950 | 
     | U818     |               | NAND2_X1  | 0.25910 | n563        |       SPEF | 0.00411 | 0.00030 | 2.36980 | 
     | U818     | A2 ^ -> ZN v  | NAND2_X1  | 0.08390 | outB[9]     |            | 0.00922 | 0.15710 | 2.52690 | 
     |          |               | RegFile   | 0.08390 | outB[9]     |       SPEF | 0.00922 | 0.00110 | 2.52800 | 
     +---------------------------------------------------------------------------------------------------------+ 
Path 10: MET Late External Delay Assertion 
Endpoint:   outB[9]     (v) checked with  leading edge of 'CLK'
Beginpoint: addressB[2] (v) triggered by  leading edge of 'CLK'
Other End Arrival Time        0.00000
- External Delay              0.80000
+ Phase Shift                 3.50000
= Required Time               2.70000
- Arrival Time                2.52730
= Slack Time                  0.17270
     Clock Rise Edge                    0.00000
     + Input Delay                      0.80000
     = Beginpoint Arrival Time          0.80000
     +----------------------------------------------------------------------------------------------------------------+ 
     |   Instance    |      Arc      |   Cell    |  Slew   |      Net      |    Arc     |  Load   |  Delay  | Arrival | 
     |               |               |           |         |               | Annotation |         |         |  Time   | 
     |---------------+---------------+-----------+---------+---------------+------------+---------+---------+---------| 
     |               | addressB[2] v |           | 1.00000 | addressB[2]   |       SPEF | 0.00959 |         | 0.80000 | 
     | U1170         |               | INV_X1    | 1.00000 | addressB[2]   |       SPEF | 0.00959 | 0.00080 | 0.80080 | 
     | U1170         | A v -> ZN ^   | INV_X1    | 0.22260 | n900          |            | 0.00509 | 0.41180 | 1.21260 | 
     | U1169         |               | NOR2_X2   | 0.22260 | n900          |       SPEF | 0.00509 | 0.00010 | 1.21270 | 
     | U1169         | A1 ^ -> ZN v  | NOR2_X2   | 0.20820 | n877          |            | 0.01881 | 0.11120 | 1.32390 | 
     | U1115         |               | NAND2_X1  | 0.20820 | n877          |       SPEF | 0.01881 | 0.00120 | 1.32510 | 
     | U1115         | A2 v -> ZN ^  | NAND2_X1  | 0.06050 | n574          |            | 0.00113 | 0.13360 | 1.45870 | 
     | FE_OFC73_n574 |               | BUF_X1    | 0.06050 | n574          |       SPEF | 0.00113 | 0.00000 | 1.45870 | 
     | FE_OFC73_n574 | A ^ -> Z ^    | BUF_X1    | 0.27680 | FE_OFN73_n574 |            | 0.03305 | 0.34720 | 1.80590 | 
     | U822          |               | OAI221_X1 | 0.27680 | FE_OFN73_n574 |       SPEF | 0.03305 | 0.00260 | 1.80850 | 
     | U822          | C2 ^ -> ZN v  | OAI221_X1 | 0.08190 | n566          |            | 0.00193 | 0.12850 | 1.93700 | 
     | U819          |               | NOR4_X1   | 0.08190 | n566          |       SPEF | 0.00193 | 0.00010 | 1.93710 | 
     | U819          | A3 v -> ZN ^  | NOR4_X1   | 0.25910 | n563          |            | 0.00411 | 0.43170 | 2.36880 | 
     | U818          |               | NAND2_X1  | 0.25910 | n563          |       SPEF | 0.00411 | 0.00030 | 2.36910 | 
     | U818          | A2 ^ -> ZN v  | NAND2_X1  | 0.08390 | outB[9]       |            | 0.00922 | 0.15710 | 2.52620 | 
     |               |               | RegFile   | 0.08390 | outB[9]       |       SPEF | 0.00922 | 0.00110 | 2.52730 | 
     +----------------------------------------------------------------------------------------------------------------+ 

