Information: Updating design information... (UID-85)
 
****************************************
Report : reference
Design : assignment1
Version: Z-2007.03-SP5
Date   : Fri Sep 20 11:48:18 2013
****************************************

Attributes:
    b - black box (unknown)
   bo - allows boundary optimization
    d - dont_touch
   mo - map_only
    h - hierarchical
    n - noncombinational
    r - removable
    s - synthetic operator
    u - contains unmapped logic

Reference          Library       Unit Area   Count    Total Area   Attributes
-----------------------------------------------------------------------------
AND2_X2            NangateOpenCellLibrary
                                  1.330000       1      1.330000  
AOI22_X1           NangateOpenCellLibrary
                                  1.330000      15     19.950001  
BUF_X2             NangateOpenCellLibrary
                                  1.064000       1      1.064000  
CLKBUF_X1          NangateOpenCellLibrary
                                  0.798000       1      0.798000  
CLKBUF_X3          NangateOpenCellLibrary
                                  1.330000       1      1.330000  
DFFR_X1            NangateOpenCellLibrary
                                  5.320000      31    164.920005  n
DFFR_X2            NangateOpenCellLibrary
                                  5.852000       1      5.852000  n
FA_X1              NangateOpenCellLibrary
                                  4.256000       7     29.792000  r
HA_X1              NangateOpenCellLibrary
                                  2.660000       5     13.300000  r
INV_X1             NangateOpenCellLibrary
                                  0.532000      18      9.576000  
INV_X2             NangateOpenCellLibrary
                                  0.798000       2      1.596000  
NAND2_X1           NangateOpenCellLibrary
                                  0.798000      12      9.576000  
NAND3_X1           NangateOpenCellLibrary
                                  1.064000       3      3.192000  
XNOR2_X2           NangateOpenCellLibrary
                                  2.660000       1      2.660000  
XOR2_X1            NangateOpenCellLibrary
                                  1.596000       6      9.576000  
assignment1_DW01_add_1          243.390002       1    243.390002  h
assignment1_DW01_sub_0           47.880000       1     47.880000  h
assignment1_DW01_sub_1          183.540001       1    183.540001  h
assignment1_DW_mult_uns_0       177.954002       1    177.954002  h
-----------------------------------------------------------------------------
Total 19 references                                   927.276011
1
 
****************************************
Report : timing
        -path full
        -delay max
        -max_paths 1
        -transition_time
        -capacitance
Design : assignment1
Version: Z-2007.03-SP5
Date   : Fri Sep 20 11:48:18 2013
****************************************

Operating Conditions: slow   Library: NangateOpenCellLibrary
Wire Load Model Mode: top

  Startpoint: RB_reg[3] (rising edge-triggered flip-flop clocked by CLK)
  Endpoint: RZ_reg[9] (rising edge-triggered flip-flop clocked by CLK)
  Path Group: CLK
  Path Type: max

  Des/Clust/Port     Wire Load Model       Library
  ------------------------------------------------
  assignment1        5K_hvratio_1_1        NangateOpenCellLibrary

  Point                                          Cap     Trans      Incr       Path
  ------------------------------------------------------------------------------------
  clock CLK (rise edge)                                             0.00       0.00
  clock network delay (ideal)                                       0.00       0.00
  RB_reg[3]/CK (DFFR_X1)                                  0.00      0.00       0.00 r
  RB_reg[3]/Q (DFFR_X1)                        24.94      0.21      0.53       0.53 r
  mult_48/b[3] (assignment1_DW_mult_uns_0)                          0.00       0.53 r
  mult_48/U99/ZN (INV_X2)                      17.10      0.06      0.13       0.66 f
  mult_48/U82/S (FA_X1)                        13.08      0.08      0.50       1.16 f
  mult_48/U36/ZN (NOR2_X4)                     10.33      0.08      0.18       1.34 r
  mult_48/U24/ZN (NOR2_X4)                      3.45      0.02      0.08       1.42 f
  mult_48/U119/ZN (INV_X2)                      6.48      0.04      0.08       1.50 r
  mult_48/U21/ZN (OAI21_X4)                    10.95      0.03      0.09       1.59 f
  mult_48/U13/ZN (AOI21_X4)                    11.22      0.10      0.17       1.75 r
  mult_48/U7/ZN (OAI21_X4)                      3.05      0.03      0.10       1.85 f
  mult_48/U5/CO (FA_X1)                         3.05      0.05      0.29       2.14 f
  mult_48/U4/CO (FA_X1)                         7.92      0.07      0.33       2.47 f
  mult_48/U3/ZN (OR2_X4)                        4.32      0.03      0.20       2.67 f
  mult_48/U1/ZN (XNOR2_X2)                      3.45      0.07      0.13       2.80 r
  mult_48/product[13] (assignment1_DW_mult_uns_0)                   0.00       2.80 r
  sub_51/B[13] (assignment1_DW01_sub_1)                             0.00       2.80 r
  sub_51/U155/ZN (INV_X2)                      10.49      0.02      0.07       2.87 f
  sub_51/U8/ZN (NOR2_X4)                       10.78      0.08      0.17       3.04 r
  sub_51/U131/ZN (OAI21_X2)                     6.24      0.03      0.10       3.14 f
  sub_51/U139/ZN (AOI21_X4)                     7.37      0.08      0.19       3.33 r
  sub_51/DIFF[14] (assignment1_DW01_sub_1)                          0.00       3.33 r
  U57/Z (CLKBUF_X3)                            35.18      0.10      0.22       3.55 r
  U11/ZN (AOI22_X1)                             1.95      0.04      0.09       3.64 f
  U10/ZN (INV_X1)                              13.08      0.11      0.16       3.80 r
  add_57/A[7] (assignment1_DW01_add_1)                              0.00       3.80 r
  add_57/U91/ZN (NOR2_X4)                      16.89      0.04      0.11       3.91 f
  add_57/U87/ZN (NOR2_X4)                      10.29      0.07      0.18       4.10 r
  add_57/U179/ZN (NAND2_X2)                     7.22      0.04      0.09       4.19 f
  add_57/U174/ZN (OAI21_X2)                     9.48      0.12      0.21       4.40 r
  add_57/U195/ZN (AOI21_X1)                     2.55      0.04      0.09       4.49 f
  add_57/U178/Z (XOR2_X1)                       1.40      0.03      0.20       4.69 f
  add_57/SUM[9] (assignment1_DW01_add_1)                            0.00       4.69 f
  RZ_reg[9]/D (DFFR_X1)                                   0.03      0.01       4.70 f
  data arrival time                                                            4.70

  clock CLK (rise edge)                                             5.00       5.00
  clock network delay (ideal)                                       0.00       5.00
  RZ_reg[9]/CK (DFFR_X1)                                            0.00       5.00 r
  library setup time                                               -0.16       4.84
  data required time                                                           4.84
  ------------------------------------------------------------------------------------
  data required time                                                           4.84
  data arrival time                                                           -4.70
  ------------------------------------------------------------------------------------
  slack (MET)                                                                  0.14


1
Loading db file '/ensc/fac1/fcampi/SOCLAB/LIBRARIES/NangateOpenCellLibrary_PDKv1_3_v2010_12/Front_End/DB/NangateOpenCellLibrary_slow.db'
Information: Propagating switching activity (low effort zero delay simulation). (PWR-6)
Warning: Design has unannotated primary inputs. (PWR-414)
Warning: Design has unannotated sequential cell outputs. (PWR-415)
 
****************************************
Report : power
        -analysis_effort low
Design : assignment1
Version: Z-2007.03-SP5
Date   : Fri Sep 20 11:48:18 2013
****************************************


Library(s) Used:

    NangateOpenCellLibrary (File: /ensc/fac1/fcampi/SOCLAB/LIBRARIES/NangateOpenCellLibrary_PDKv1_3_v2010_12/Front_End/DB/NangateOpenCellLibrary_slow.db)


Operating Conditions: slow   Library: NangateOpenCellLibrary
Wire Load Model Mode: top

Design        Wire Load Model            Library
------------------------------------------------
assignment1            5K_hvratio_1_1    NangateOpenCellLibrary


Global Operating Voltage = 0.95 
Power-specific unit information :
    Voltage Units = 1V
    Capacitance Units = 1.000000ff
    Time Units = 1ns
    Dynamic Power Units = 1uW    (derived from V,C,T units)
    Leakage Power Units = 1nW


  Cell Internal Power  = 111.9467 uW   (55%)
  Net Switching Power  =  91.5746 uW   (45%)
                         ---------
Total Dynamic Power    = 203.5212 uW  (100%)

Cell Leakage Power     =  17.1564 uW

1
